<?xml version="1.0" encoding="UTF-8"?>
<coverage generated="1750067201270" clover="3.2.0">
  <project timestamp="1750067201270" name="All files">
    <metrics statements="54" coveredstatements="40" conditionals="18" coveredconditionals="11" methods="19" coveredmethods="13" elements="91" coveredelements="64" complexity="0" loc="54" ncloc="54" packages="1" files="1" classes="1"/>
    <file name="enigma.js" path="/home/izzatbeksultonov/Desktop/edu-ai-challenge-2025/task_6/enigma.js">
      <metrics statements="54" coveredstatements="40" conditionals="18" coveredconditionals="11" methods="19" coveredmethods="13"/>
      <line num="1" count="1" type="stmt"/>
      <line num="3" count="1" type="stmt"/>
      <line num="5" count="225" type="stmt"/>
      <line num="8" count="1" type="stmt"/>
      <line num="13" count="1" type="stmt"/>
      <line num="16" count="32" type="stmt"/>
      <line num="17" count="2" type="cond" truecount="2" falsecount="0"/>
      <line num="18" count="1" type="cond" truecount="1" falsecount="1"/>
      <line num="20" count="30" type="stmt"/>
      <line num="25" count="18" type="stmt"/>
      <line num="26" count="18" type="stmt"/>
      <line num="27" count="18" type="stmt"/>
      <line num="28" count="18" type="stmt"/>
      <line num="31" count="33" type="stmt"/>
      <line num="34" count="64" type="stmt"/>
      <line num="37" count="96" type="stmt"/>
      <line num="38" count="96" type="stmt"/>
      <line num="41" count="96" type="stmt"/>
      <line num="42" count="96" type="stmt"/>
      <line num="48" count="6" type="stmt"/>
      <line num="50" count="18" type="stmt"/>
      <line num="57" count="6" type="stmt"/>
      <line num="64" count="32" type="stmt"/>
      <line num="65" count="32" type="stmt"/>
      <line num="67" count="32" type="cond" truecount="1" falsecount="1"/>
      <line num="69" count="32" type="cond" truecount="4" falsecount="0"/>
      <line num="71" count="32" type="stmt"/>
      <line num="74" count="35" type="cond" truecount="2" falsecount="0"/>
      <line num="76" count="32" type="stmt"/>
      <line num="77" count="32" type="stmt"/>
      <line num="78" count="32" type="stmt"/>
      <line num="79" count="96" type="stmt"/>
      <line num="82" count="32" type="stmt"/>
      <line num="84" count="32" type="stmt"/>
      <line num="85" count="96" type="stmt"/>
      <line num="88" count="32" type="stmt"/>
      <line num="91" count="4" type="stmt"/>
      <line num="94" count="28" type="stmt"/>
      <line num="100" count="0" type="stmt"/>
      <line num="104" count="0" type="stmt"/>
      <line num="105" count="0" type="stmt"/>
      <line num="106" count="0" type="stmt"/>
      <line num="107" count="0" type="stmt"/>
      <line num="108" count="0" type="stmt"/>
      <line num="109" count="0" type="stmt"/>
      <line num="111" count="0" type="cond" truecount="0" falsecount="2"/>
      <line num="114" count="0" type="stmt"/>
      <line num="116" count="0" type="stmt"/>
      <line num="122" count="0" type="stmt"/>
      <line num="123" count="0" type="stmt"/>
      <line num="124" count="0" type="stmt"/>
      <line num="131" count="1" type="cond" truecount="1" falsecount="1"/>
      <line num="132" count="0" type="stmt"/>
      <line num="135" count="1" type="stmt"/>
    </file>
  </project>
</coverage>
