{"/home/izzatbeksultonov/Desktop/edu-ai-challenge-2025/task_6/enigma.js": {"path":"/home/izzatbeksultonov/Desktop/edu-ai-challenge-2025/task_6/enigma.js","statementMap":{"0":{"start":{"line":1,"column":17},"end":{"line":1,"column":36}},"1":{"start":{"line":3,"column":17},"end":{"line":3,"column":45}},"2":{"start":{"line":5,"column":2},"end":{"line":5,"column":27}},"3":{"start":{"line":8,"column":15},"end":{"line":12,"column":1}},"4":{"start":{"line":13,"column":18},"end":{"line":13,"column":46}},"5":{"start":{"line":16,"column":2},"end":{"line":19,"column":3}},"6":{"start":{"line":17,"column":4},"end":{"line":17,"column":26}},"7":{"start":{"line":17,"column":17},"end":{"line":17,"column":26}},"8":{"start":{"line":18,"column":4},"end":{"line":18,"column":26}},"9":{"start":{"line":18,"column":17},"end":{"line":18,"column":26}},"10":{"start":{"line":20,"column":2},"end":{"line":20,"column":11}},"11":{"start":{"line":25,"column":4},"end":{"line":25,"column":25}},"12":{"start":{"line":26,"column":4},"end":{"line":26,"column":23}},"13":{"start":{"line":27,"column":4},"end":{"line":27,"column":35}},"14":{"start":{"line":28,"column":4},"end":{"line":28,"column":29}},"15":{"start":{"line":31,"column":4},"end":{"line":31,"column":47}},"16":{"start":{"line":34,"column":4},"end":{"line":34,"column":50}},"17":{"start":{"line":37,"column":16},"end":{"line":37,"column":79}},"18":{"start":{"line":38,"column":4},"end":{"line":38,"column":28}},"19":{"start":{"line":41,"column":16},"end":{"line":41,"column":38}},"20":{"start":{"line":42,"column":4},"end":{"line":42,"column":69}},"21":{"start":{"line":48,"column":4},"end":{"line":56,"column":6}},"22":{"start":{"line":50,"column":8},"end":{"line":55,"column":9}},"23":{"start":{"line":57,"column":4},"end":{"line":57,"column":41}},"24":{"start":{"line":64,"column":26},"end":{"line":64,"column":50}},"25":{"start":{"line":65,"column":25},"end":{"line":65,"column":49}},"26":{"start":{"line":67,"column":4},"end":{"line":67,"column":45}},"27":{"start":{"line":67,"column":23},"end":{"line":67,"column":45}},"28":{"start":{"line":69,"column":4},"end":{"line":69,"column":61}},"29":{"start":{"line":69,"column":39},"end":{"line":69,"column":61}},"30":{"start":{"line":71,"column":4},"end":{"line":71,"column":26}},"31":{"start":{"line":74,"column":4},"end":{"line":74,"column":40}},"32":{"start":{"line":74,"column":31},"end":{"line":74,"column":40}},"33":{"start":{"line":76,"column":4},"end":{"line":76,"column":22}},"34":{"start":{"line":77,"column":4},"end":{"line":77,"column":46}},"35":{"start":{"line":78,"column":4},"end":{"line":80,"column":5}},"36":{"start":{"line":78,"column":17},"end":{"line":78,"column":39}},"37":{"start":{"line":79,"column":6},"end":{"line":79,"column":36}},"38":{"start":{"line":82,"column":4},"end":{"line":82,"column":39}},"39":{"start":{"line":84,"column":4},"end":{"line":86,"column":5}},"40":{"start":{"line":84,"column":17},"end":{"line":84,"column":18}},"41":{"start":{"line":85,"column":6},"end":{"line":85,"column":37}},"42":{"start":{"line":88,"column":4},"end":{"line":88,"column":13}},"43":{"start":{"line":91,"column":4},"end":{"line":95,"column":16}},"44":{"start":{"line":94,"column":18},"end":{"line":94,"column":37}},"45":{"start":{"line":100,"column":13},"end":{"line":103,"column":4}},"46":{"start":{"line":104,"column":2},"end":{"line":128,"column":5}},"47":{"start":{"line":105,"column":4},"end":{"line":127,"column":7}},"48":{"start":{"line":106,"column":29},"end":{"line":106,"column":58}},"49":{"start":{"line":107,"column":6},"end":{"line":126,"column":9}},"50":{"start":{"line":108,"column":29},"end":{"line":108,"column":59}},"51":{"start":{"line":109,"column":8},"end":{"line":125,"column":11}},"52":{"start":{"line":111,"column":12},"end":{"line":114,"column":55}},"53":{"start":{"line":114,"column":30},"end":{"line":114,"column":48}},"54":{"start":{"line":116,"column":25},"end":{"line":121,"column":11}},"55":{"start":{"line":122,"column":25},"end":{"line":122,"column":48}},"56":{"start":{"line":123,"column":10},"end":{"line":123,"column":41}},"57":{"start":{"line":124,"column":10},"end":{"line":124,"column":21}},"58":{"start":{"line":131,"column":0},"end":{"line":133,"column":1}},"59":{"start":{"line":132,"column":2},"end":{"line":132,"column":17}},"60":{"start":{"line":135,"column":0},"end":{"line":135,"column":28}}},"fnMap":{"0":{"name":"mod","decl":{"start":{"line":4,"column":9},"end":{"line":4,"column":12}},"loc":{"start":{"line":4,"column":19},"end":{"line":6,"column":1}},"line":4},"1":{"name":"plugboardSwap","decl":{"start":{"line":15,"column":9},"end":{"line":15,"column":22}},"loc":{"start":{"line":15,"column":33},"end":{"line":21,"column":1}},"line":15},"2":{"name":"(anonymous_2)","decl":{"start":{"line":24,"column":2},"end":{"line":24,"column":3}},"loc":{"start":{"line":24,"column":60},"end":{"line":29,"column":3}},"line":24},"3":{"name":"(anonymous_3)","decl":{"start":{"line":30,"column":2},"end":{"line":30,"column":3}},"loc":{"start":{"line":30,"column":9},"end":{"line":32,"column":3}},"line":30},"4":{"name":"(anonymous_4)","decl":{"start":{"line":33,"column":2},"end":{"line":33,"column":3}},"loc":{"start":{"line":33,"column":12},"end":{"line":35,"column":3}},"line":33},"5":{"name":"(anonymous_5)","decl":{"start":{"line":36,"column":2},"end":{"line":36,"column":3}},"loc":{"start":{"line":36,"column":13},"end":{"line":39,"column":3}},"line":36},"6":{"name":"(anonymous_6)","decl":{"start":{"line":40,"column":2},"end":{"line":40,"column":3}},"loc":{"start":{"line":40,"column":14},"end":{"line":43,"column":3}},"line":40},"7":{"name":"(anonymous_7)","decl":{"start":{"line":47,"column":2},"end":{"line":47,"column":3}},"loc":{"start":{"line":47,"column":70},"end":{"line":58,"column":3}},"line":47},"8":{"name":"(anonymous_8)","decl":{"start":{"line":49,"column":6},"end":{"line":49,"column":7}},"loc":{"start":{"line":50,"column":8},"end":{"line":55,"column":9}},"line":50},"9":{"name":"(anonymous_9)","decl":{"start":{"line":59,"column":2},"end":{"line":59,"column":3}},"loc":{"start":{"line":59,"column":15},"end":{"line":72,"column":3}},"line":59},"10":{"name":"(anonymous_10)","decl":{"start":{"line":73,"column":2},"end":{"line":73,"column":3}},"loc":{"start":{"line":73,"column":17},"end":{"line":89,"column":3}},"line":73},"11":{"name":"(anonymous_11)","decl":{"start":{"line":90,"column":2},"end":{"line":90,"column":3}},"loc":{"start":{"line":90,"column":16},"end":{"line":96,"column":3}},"line":90},"12":{"name":"(anonymous_12)","decl":{"start":{"line":94,"column":11},"end":{"line":94,"column":12}},"loc":{"start":{"line":94,"column":18},"end":{"line":94,"column":37}},"line":94},"13":{"name":"promptEnigma","decl":{"start":{"line":99,"column":9},"end":{"line":99,"column":21}},"loc":{"start":{"line":99,"column":24},"end":{"line":129,"column":1}},"line":99},"14":{"name":"(anonymous_14)","decl":{"start":{"line":104,"column":33},"end":{"line":104,"column":34}},"loc":{"start":{"line":104,"column":46},"end":{"line":128,"column":3}},"line":104},"15":{"name":"(anonymous_15)","decl":{"start":{"line":105,"column":50},"end":{"line":105,"column":51}},"loc":{"start":{"line":105,"column":62},"end":{"line":127,"column":5}},"line":105},"16":{"name":"(anonymous_16)","decl":{"start":{"line":107,"column":50},"end":{"line":107,"column":51}},"loc":{"start":{"line":107,"column":63},"end":{"line":126,"column":7}},"line":107},"17":{"name":"(anonymous_17)","decl":{"start":{"line":109,"column":54},"end":{"line":109,"column":55}},"loc":{"start":{"line":109,"column":67},"end":{"line":125,"column":9}},"line":109},"18":{"name":"(anonymous_18)","decl":{"start":{"line":114,"column":20},"end":{"line":114,"column":21}},"loc":{"start":{"line":114,"column":30},"end":{"line":114,"column":48}},"line":114}},"branchMap":{"0":{"loc":{"start":{"line":17,"column":4},"end":{"line":17,"column":26}},"type":"if","locations":[{"start":{"line":17,"column":4},"end":{"line":17,"column":26}},{"start":{},"end":{}}],"line":17},"1":{"loc":{"start":{"line":18,"column":4},"end":{"line":18,"column":26}},"type":"if","locations":[{"start":{"line":18,"column":4},"end":{"line":18,"column":26}},{"start":{},"end":{}}],"line":18},"2":{"loc":{"start":{"line":24,"column":29},"end":{"line":24,"column":44}},"type":"default-arg","locations":[{"start":{"line":24,"column":43},"end":{"line":24,"column":44}}],"line":24},"3":{"loc":{"start":{"line":24,"column":46},"end":{"line":24,"column":58}},"type":"default-arg","locations":[{"start":{"line":24,"column":57},"end":{"line":24,"column":58}}],"line":24},"4":{"loc":{"start":{"line":67,"column":4},"end":{"line":67,"column":45}},"type":"if","locations":[{"start":{"line":67,"column":4},"end":{"line":67,"column":45}},{"start":{},"end":{}}],"line":67},"5":{"loc":{"start":{"line":69,"column":4},"end":{"line":69,"column":61}},"type":"if","locations":[{"start":{"line":69,"column":4},"end":{"line":69,"column":61}},{"start":{},"end":{}}],"line":69},"6":{"loc":{"start":{"line":69,"column":8},"end":{"line":69,"column":37}},"type":"binary-expr","locations":[{"start":{"line":69,"column":8},"end":{"line":69,"column":20}},{"start":{"line":69,"column":24},"end":{"line":69,"column":37}}],"line":69},"7":{"loc":{"start":{"line":74,"column":4},"end":{"line":74,"column":40}},"type":"if","locations":[{"start":{"line":74,"column":4},"end":{"line":74,"column":40}},{"start":{},"end":{}}],"line":74},"8":{"loc":{"start":{"line":111,"column":12},"end":{"line":114,"column":55}},"type":"binary-expr","locations":[{"start":{"line":111,"column":12},"end":{"line":114,"column":49}},{"start":{"line":114,"column":53},"end":{"line":114,"column":55}}],"line":111},"9":{"loc":{"start":{"line":131,"column":0},"end":{"line":133,"column":1}},"type":"if","locations":[{"start":{"line":131,"column":0},"end":{"line":133,"column":1}},{"start":{},"end":{}}],"line":131}},"s":{"0":1,"1":1,"2":225,"3":1,"4":1,"5":32,"6":2,"7":1,"8":1,"9":1,"10":30,"11":18,"12":18,"13":18,"14":18,"15":33,"16":64,"17":96,"18":96,"19":96,"20":96,"21":6,"22":18,"23":6,"24":32,"25":32,"26":32,"27":0,"28":32,"29":1,"30":32,"31":35,"32":3,"33":32,"34":32,"35":32,"36":32,"37":96,"38":32,"39":32,"40":32,"41":96,"42":32,"43":4,"44":28,"45":0,"46":0,"47":0,"48":0,"49":0,"50":0,"51":0,"52":0,"53":0,"54":0,"55":0,"56":0,"57":0,"58":1,"59":0,"60":1},"f":{"0":225,"1":32,"2":18,"3":33,"4":64,"5":96,"6":96,"7":6,"8":18,"9":32,"10":35,"11":4,"12":28,"13":0,"14":0,"15":0,"16":0,"17":0,"18":0},"b":{"0":[1,1],"1":[1,0],"2":[0],"3":[0],"4":[0,32],"5":[1,31],"6":[32,31],"7":[3,32],"8":[0,0],"9":[0,1]},"_coverageSchema":"1a1c01bbd47fc00a2c39e90264f33305004495a9","hash":"1d82b063ee8627a50c2bc81f8bc12cacb4bef21b"}
}
