TN:
SF:task_6/enigma.js
FN:4,mod
FN:15,plugboardSwap
FN:24,(anonymous_2)
FN:30,(anonymous_3)
FN:33,(anonymous_4)
FN:36,(anonymous_5)
FN:40,(anonymous_6)
FN:47,(anonymous_7)
FN:49,(anonymous_8)
FN:59,(anonymous_9)
FN:73,(anonymous_10)
FN:90,(anonymous_11)
FN:94,(anonymous_12)
FN:99,promptEnigma
FN:104,(anonymous_14)
FN:105,(anonymous_15)
FN:107,(anonymous_16)
FN:109,(anonymous_17)
FN:114,(anonymous_18)
FNF:19
FNH:13
FNDA:225,mod
FNDA:32,plugboardSwap
FNDA:18,(anonymous_2)
FNDA:33,(anonymous_3)
FNDA:64,(anonymous_4)
FNDA:96,(anonymous_5)
FNDA:96,(anonymous_6)
FNDA:6,(anonymous_7)
FNDA:18,(anonymous_8)
FNDA:32,(anonymous_9)
FNDA:35,(anonymous_10)
FNDA:4,(anonymous_11)
FNDA:28,(anonymous_12)
FNDA:0,promptEnigma
FNDA:0,(anonymous_14)
FNDA:0,(anonymous_15)
FNDA:0,(anonymous_16)
FNDA:0,(anonymous_17)
FNDA:0,(anonymous_18)
DA:1,1
DA:3,1
DA:5,225
DA:8,1
DA:13,1
DA:16,32
DA:17,2
DA:18,1
DA:20,30
DA:25,18
DA:26,18
DA:27,18
DA:28,18
DA:31,33
DA:34,64
DA:37,96
DA:38,96
DA:41,96
DA:42,96
DA:48,6
DA:50,18
DA:57,6
DA:64,32
DA:65,32
DA:67,32
DA:69,32
DA:71,32
DA:74,35
DA:76,32
DA:77,32
DA:78,32
DA:79,96
DA:82,32
DA:84,32
DA:85,96
DA:88,32
DA:91,4
DA:94,28
DA:100,0
DA:104,0
DA:105,0
DA:106,0
DA:107,0
DA:108,0
DA:109,0
DA:111,0
DA:114,0
DA:116,0
DA:122,0
DA:123,0
DA:124,0
DA:131,1
DA:132,0
DA:135,1
LF:54
LH:40
BRDA:17,0,0,1
BRDA:17,0,1,1
BRDA:18,1,0,1
BRDA:18,1,1,0
BRDA:24,2,0,0
BRDA:24,3,0,0
BRDA:67,4,0,0
BRDA:67,4,1,32
BRDA:69,5,0,1
BRDA:69,5,1,31
BRDA:69,6,0,32
BRDA:69,6,1,31
BRDA:74,7,0,3
BRDA:74,7,1,32
BRDA:111,8,0,0
BRDA:111,8,1,0
BRDA:131,9,0,0
BRDA:131,9,1,1
BRF:18
BRH:11
end_of_record
