<?xml version="1.0" encoding="UTF-8"?>
<coverage generated="1750339794831" clover="3.2.0">
  <project timestamp="1750339794832" name="All files">
    <metrics statements="100" coveredstatements="94" conditionals="102" coveredconditionals="83" methods="26" coveredmethods="26" elements="228" coveredelements="203" complexity="0" loc="100" ncloc="100" packages="1" files="1" classes="1"/>
    <file name="schema.js" path="/home/izzatbeksultonov/Desktop/edu-ai-challenge-2025/task_8/schema.js">
      <metrics statements="100" coveredstatements="94" conditionals="102" coveredconditionals="83" methods="26" coveredmethods="26"/>
      <line num="6" count="23" type="stmt"/>
      <line num="7" count="23" type="stmt"/>
      <line num="15" count="1" type="stmt"/>
      <line num="16" count="1" type="stmt"/>
      <line num="25" count="1" type="stmt"/>
      <line num="26" count="1" type="stmt"/>
      <line num="35" count="12" type="stmt"/>
      <line num="36" count="12" type="stmt"/>
      <line num="37" count="12" type="stmt"/>
      <line num="38" count="12" type="stmt"/>
      <line num="47" count="3" type="stmt"/>
      <line num="48" count="3" type="stmt"/>
      <line num="57" count="1" type="stmt"/>
      <line num="58" count="1" type="stmt"/>
      <line num="67" count="2" type="stmt"/>
      <line num="68" count="2" type="stmt"/>
      <line num="77" count="32" type="cond" truecount="4" falsecount="0"/>
      <line num="78" count="3" type="stmt"/>
      <line num="84" count="29" type="cond" truecount="2" falsecount="0"/>
      <line num="85" count="4" type="stmt"/>
      <line num="91" count="25" type="stmt"/>
      <line num="93" count="25" type="cond" truecount="4" falsecount="0"/>
      <line num="94" count="3" type="stmt"/>
      <line num="99" count="25" type="cond" truecount="4" falsecount="0"/>
      <line num="100" count="1" type="stmt"/>
      <line num="105" count="25" type="cond" truecount="4" falsecount="0"/>
      <line num="106" count="2" type="cond" truecount="2" falsecount="0"/>
      <line num="109" count="25" type="stmt"/>
      <line num="118" count="3" type="stmt"/>
      <line num="119" count="3" type="stmt"/>
      <line num="120" count="3" type="stmt"/>
      <line num="129" count="2" type="stmt"/>
      <line num="130" count="2" type="stmt"/>
      <line num="139" count="1" type="stmt"/>
      <line num="140" count="1" type="stmt"/>
      <line num="149" count="8" type="cond" truecount="4" falsecount="0"/>
      <line num="150" count="1" type="stmt"/>
      <line num="156" count="7" type="cond" truecount="4" falsecount="0"/>
      <line num="157" count="1" type="stmt"/>
      <line num="163" count="6" type="stmt"/>
      <line num="165" count="6" type="cond" truecount="4" falsecount="0"/>
      <line num="166" count="2" type="stmt"/>
      <line num="169" count="6" type="cond" truecount="4" falsecount="0"/>
      <line num="170" count="1" type="stmt"/>
      <line num="173" count="6" type="stmt"/>
      <line num="187" count="5" type="cond" truecount="3" falsecount="1"/>
      <line num="188" count="0" type="stmt"/>
      <line num="194" count="5" type="cond" truecount="2" falsecount="0"/>
      <line num="195" count="2" type="stmt"/>
      <line num="201" count="3" type="stmt"/>
      <line num="215" count="3" type="cond" truecount="3" falsecount="1"/>
      <line num="216" count="0" type="stmt"/>
      <line num="222" count="3" type="stmt"/>
      <line num="223" count="3" type="cond" truecount="2" falsecount="0"/>
      <line num="224" count="1" type="stmt"/>
      <line num="230" count="2" type="stmt"/>
      <line num="242" count="2" type="stmt"/>
      <line num="243" count="2" type="stmt"/>
      <line num="244" count="2" type="stmt"/>
      <line num="245" count="2" type="stmt"/>
      <line num="254" count="1" type="stmt"/>
      <line num="255" count="1" type="stmt"/>
      <line num="264" count="1" type="stmt"/>
      <line num="265" count="1" type="stmt"/>
      <line num="274" count="5" type="cond" truecount="3" falsecount="1"/>
      <line num="275" count="0" type="stmt"/>
      <line num="281" count="5" type="cond" truecount="1" falsecount="1"/>
      <line num="282" count="0" type="stmt"/>
      <line num="288" count="5" type="stmt"/>
      <line num="290" count="5" type="cond" truecount="4" falsecount="0"/>
      <line num="291" count="1" type="stmt"/>
      <line num="294" count="5" type="cond" truecount="4" falsecount="0"/>
      <line num="295" count="1" type="stmt"/>
      <line num="298" count="5" type="stmt"/>
      <line num="299" count="11" type="stmt"/>
      <line num="300" count="11" type="cond" truecount="2" falsecount="0"/>
      <line num="301" count="2" type="stmt"/>
      <line num="307" count="5" type="stmt"/>
      <line num="319" count="3" type="stmt"/>
      <line num="320" count="3" type="stmt"/>
      <line num="329" count="6" type="cond" truecount="3" falsecount="1"/>
      <line num="330" count="0" type="stmt"/>
      <line num="336" count="6" type="cond" truecount="3" falsecount="1"/>
      <line num="337" count="0" type="stmt"/>
      <line num="343" count="6" type="stmt"/>
      <line num="344" count="6" type="stmt"/>
      <line num="346" count="6" type="stmt"/>
      <line num="347" count="16" type="stmt"/>
      <line num="348" count="16" type="stmt"/>
      <line num="349" count="16" type="stmt"/>
      <line num="351" count="16" type="cond" truecount="2" falsecount="0"/>
      <line num="352" count="7" type="stmt"/>
      <line num="356" count="6" type="stmt"/>
      <line num="369" count="12" type="stmt"/>
      <line num="377" count="3" type="stmt"/>
      <line num="385" count="2" type="stmt"/>
      <line num="393" count="1" type="stmt"/>
      <line num="402" count="3" type="stmt"/>
      <line num="411" count="2" type="stmt"/>
      <line num="415" count="1" type="stmt"/>
    </file>
  </project>
</coverage>
