{"/home/izzatbeksultonov/Desktop/edu-ai-challenge-2025/task_8/schema.js": {"path":"/home/izzatbeksultonov/Desktop/edu-ai-challenge-2025/task_8/schema.js","statementMap":{"0":{"start":{"line":6,"column":4},"end":{"line":6,"column":29}},"1":{"start":{"line":7,"column":4},"end":{"line":7,"column":29}},"2":{"start":{"line":15,"column":4},"end":{"line":15,"column":28}},"3":{"start":{"line":16,"column":4},"end":{"line":16,"column":16}},"4":{"start":{"line":25,"column":4},"end":{"line":25,"column":34}},"5":{"start":{"line":26,"column":4},"end":{"line":26,"column":16}},"6":{"start":{"line":35,"column":4},"end":{"line":35,"column":12}},"7":{"start":{"line":36,"column":4},"end":{"line":36,"column":27}},"8":{"start":{"line":37,"column":4},"end":{"line":37,"column":27}},"9":{"start":{"line":38,"column":4},"end":{"line":38,"column":25}},"10":{"start":{"line":47,"column":4},"end":{"line":47,"column":29}},"11":{"start":{"line":48,"column":4},"end":{"line":48,"column":16}},"12":{"start":{"line":57,"column":4},"end":{"line":57,"column":29}},"13":{"start":{"line":58,"column":4},"end":{"line":58,"column":16}},"14":{"start":{"line":67,"column":4},"end":{"line":67,"column":26}},"15":{"start":{"line":68,"column":4},"end":{"line":68,"column":16}},"16":{"start":{"line":77,"column":4},"end":{"line":82,"column":5}},"17":{"start":{"line":78,"column":6},"end":{"line":81,"column":8}},"18":{"start":{"line":84,"column":4},"end":{"line":89,"column":5}},"19":{"start":{"line":85,"column":6},"end":{"line":88,"column":8}},"20":{"start":{"line":91,"column":19},"end":{"line":91,"column":21}},"21":{"start":{"line":93,"column":4},"end":{"line":97,"column":5}},"22":{"start":{"line":94,"column":6},"end":{"line":96,"column":8}},"23":{"start":{"line":99,"column":4},"end":{"line":103,"column":5}},"24":{"start":{"line":100,"column":6},"end":{"line":102,"column":8}},"25":{"start":{"line":105,"column":4},"end":{"line":107,"column":5}},"26":{"start":{"line":106,"column":6},"end":{"line":106,"column":73}},"27":{"start":{"line":109,"column":4},"end":{"line":109,"column":52}},"28":{"start":{"line":118,"column":4},"end":{"line":118,"column":12}},"29":{"start":{"line":119,"column":4},"end":{"line":119,"column":21}},"30":{"start":{"line":120,"column":4},"end":{"line":120,"column":21}},"31":{"start":{"line":129,"column":4},"end":{"line":129,"column":22}},"32":{"start":{"line":130,"column":4},"end":{"line":130,"column":16}},"33":{"start":{"line":139,"column":4},"end":{"line":139,"column":22}},"34":{"start":{"line":140,"column":4},"end":{"line":140,"column":16}},"35":{"start":{"line":149,"column":4},"end":{"line":154,"column":5}},"36":{"start":{"line":150,"column":6},"end":{"line":153,"column":8}},"37":{"start":{"line":156,"column":4},"end":{"line":161,"column":5}},"38":{"start":{"line":157,"column":6},"end":{"line":160,"column":8}},"39":{"start":{"line":163,"column":19},"end":{"line":163,"column":21}},"40":{"start":{"line":165,"column":4},"end":{"line":167,"column":5}},"41":{"start":{"line":166,"column":6},"end":{"line":166,"column":51}},"42":{"start":{"line":169,"column":4},"end":{"line":171,"column":5}},"43":{"start":{"line":170,"column":6},"end":{"line":170,"column":51}},"44":{"start":{"line":173,"column":4},"end":{"line":173,"column":52}},"45":{"start":{"line":187,"column":4},"end":{"line":192,"column":5}},"46":{"start":{"line":188,"column":6},"end":{"line":191,"column":8}},"47":{"start":{"line":194,"column":4},"end":{"line":199,"column":5}},"48":{"start":{"line":195,"column":6},"end":{"line":198,"column":8}},"49":{"start":{"line":201,"column":4},"end":{"line":201,"column":41}},"50":{"start":{"line":215,"column":4},"end":{"line":220,"column":5}},"51":{"start":{"line":216,"column":6},"end":{"line":219,"column":8}},"52":{"start":{"line":222,"column":17},"end":{"line":222,"column":32}},"53":{"start":{"line":223,"column":4},"end":{"line":228,"column":5}},"54":{"start":{"line":224,"column":6},"end":{"line":227,"column":8}},"55":{"start":{"line":230,"column":4},"end":{"line":230,"column":41}},"56":{"start":{"line":242,"column":4},"end":{"line":242,"column":12}},"57":{"start":{"line":243,"column":4},"end":{"line":243,"column":40}},"58":{"start":{"line":244,"column":4},"end":{"line":244,"column":27}},"59":{"start":{"line":245,"column":4},"end":{"line":245,"column":27}},"60":{"start":{"line":254,"column":4},"end":{"line":254,"column":29}},"61":{"start":{"line":255,"column":4},"end":{"line":255,"column":16}},"62":{"start":{"line":264,"column":4},"end":{"line":264,"column":29}},"63":{"start":{"line":265,"column":4},"end":{"line":265,"column":16}},"64":{"start":{"line":274,"column":4},"end":{"line":279,"column":5}},"65":{"start":{"line":275,"column":6},"end":{"line":278,"column":8}},"66":{"start":{"line":281,"column":4},"end":{"line":286,"column":5}},"67":{"start":{"line":282,"column":6},"end":{"line":285,"column":8}},"68":{"start":{"line":288,"column":19},"end":{"line":288,"column":21}},"69":{"start":{"line":290,"column":4},"end":{"line":292,"column":5}},"70":{"start":{"line":291,"column":6},"end":{"line":291,"column":58}},"71":{"start":{"line":294,"column":4},"end":{"line":296,"column":5}},"72":{"start":{"line":295,"column":6},"end":{"line":295,"column":58}},"73":{"start":{"line":298,"column":4},"end":{"line":305,"column":5}},"74":{"start":{"line":298,"column":17},"end":{"line":298,"column":18}},"75":{"start":{"line":299,"column":25},"end":{"line":299,"column":63}},"76":{"start":{"line":300,"column":6},"end":{"line":304,"column":7}},"77":{"start":{"line":301,"column":8},"end":{"line":303,"column":10}},"78":{"start":{"line":307,"column":4},"end":{"line":307,"column":52}},"79":{"start":{"line":319,"column":4},"end":{"line":319,"column":12}},"80":{"start":{"line":320,"column":4},"end":{"line":320,"column":26}},"81":{"start":{"line":329,"column":4},"end":{"line":334,"column":5}},"82":{"start":{"line":330,"column":6},"end":{"line":333,"column":8}},"83":{"start":{"line":336,"column":4},"end":{"line":341,"column":5}},"84":{"start":{"line":337,"column":6},"end":{"line":340,"column":8}},"85":{"start":{"line":343,"column":19},"end":{"line":343,"column":21}},"86":{"start":{"line":344,"column":23},"end":{"line":344,"column":48}},"87":{"start":{"line":346,"column":4},"end":{"line":354,"column":5}},"88":{"start":{"line":347,"column":24},"end":{"line":347,"column":41}},"89":{"start":{"line":348,"column":25},"end":{"line":348,"column":35}},"90":{"start":{"line":349,"column":21},"end":{"line":349,"column":51}},"91":{"start":{"line":351,"column":6},"end":{"line":353,"column":7}},"92":{"start":{"line":352,"column":8},"end":{"line":352,"column":59}},"93":{"start":{"line":356,"column":4},"end":{"line":356,"column":52}},"94":{"start":{"line":369,"column":4},"end":{"line":369,"column":33}},"95":{"start":{"line":377,"column":4},"end":{"line":377,"column":33}},"96":{"start":{"line":385,"column":4},"end":{"line":385,"column":34}},"97":{"start":{"line":393,"column":4},"end":{"line":393,"column":31}},"98":{"start":{"line":402,"column":4},"end":{"line":402,"column":39}},"99":{"start":{"line":411,"column":4},"end":{"line":411,"column":45}},"100":{"start":{"line":415,"column":0},"end":{"line":415,"column":28}}},"fnMap":{"0":{"name":"(anonymous_0)","decl":{"start":{"line":5,"column":2},"end":{"line":5,"column":3}},"loc":{"start":{"line":5,"column":16},"end":{"line":8,"column":3}},"line":5},"1":{"name":"(anonymous_1)","decl":{"start":{"line":14,"column":2},"end":{"line":14,"column":3}},"loc":{"start":{"line":14,"column":13},"end":{"line":17,"column":3}},"line":14},"2":{"name":"(anonymous_2)","decl":{"start":{"line":24,"column":2},"end":{"line":24,"column":3}},"loc":{"start":{"line":24,"column":23},"end":{"line":27,"column":3}},"line":24},"3":{"name":"(anonymous_3)","decl":{"start":{"line":34,"column":2},"end":{"line":34,"column":3}},"loc":{"start":{"line":34,"column":16},"end":{"line":39,"column":3}},"line":34},"4":{"name":"(anonymous_4)","decl":{"start":{"line":46,"column":2},"end":{"line":46,"column":3}},"loc":{"start":{"line":46,"column":20},"end":{"line":49,"column":3}},"line":46},"5":{"name":"(anonymous_5)","decl":{"start":{"line":56,"column":2},"end":{"line":56,"column":3}},"loc":{"start":{"line":56,"column":20},"end":{"line":59,"column":3}},"line":56},"6":{"name":"(anonymous_6)","decl":{"start":{"line":66,"column":2},"end":{"line":66,"column":3}},"loc":{"start":{"line":66,"column":17},"end":{"line":69,"column":3}},"line":66},"7":{"name":"(anonymous_7)","decl":{"start":{"line":76,"column":2},"end":{"line":76,"column":3}},"loc":{"start":{"line":76,"column":18},"end":{"line":110,"column":3}},"line":76},"8":{"name":"(anonymous_8)","decl":{"start":{"line":117,"column":2},"end":{"line":117,"column":3}},"loc":{"start":{"line":117,"column":16},"end":{"line":121,"column":3}},"line":117},"9":{"name":"(anonymous_9)","decl":{"start":{"line":128,"column":2},"end":{"line":128,"column":3}},"loc":{"start":{"line":128,"column":13},"end":{"line":131,"column":3}},"line":128},"10":{"name":"(anonymous_10)","decl":{"start":{"line":138,"column":2},"end":{"line":138,"column":3}},"loc":{"start":{"line":138,"column":13},"end":{"line":141,"column":3}},"line":138},"11":{"name":"(anonymous_11)","decl":{"start":{"line":148,"column":2},"end":{"line":148,"column":3}},"loc":{"start":{"line":148,"column":18},"end":{"line":174,"column":3}},"line":148},"12":{"name":"(anonymous_12)","decl":{"start":{"line":186,"column":2},"end":{"line":186,"column":3}},"loc":{"start":{"line":186,"column":18},"end":{"line":202,"column":3}},"line":186},"13":{"name":"(anonymous_13)","decl":{"start":{"line":214,"column":2},"end":{"line":214,"column":3}},"loc":{"start":{"line":214,"column":18},"end":{"line":231,"column":3}},"line":214},"14":{"name":"(anonymous_14)","decl":{"start":{"line":241,"column":2},"end":{"line":241,"column":3}},"loc":{"start":{"line":241,"column":29},"end":{"line":246,"column":3}},"line":241},"15":{"name":"(anonymous_15)","decl":{"start":{"line":253,"column":2},"end":{"line":253,"column":3}},"loc":{"start":{"line":253,"column":20},"end":{"line":256,"column":3}},"line":253},"16":{"name":"(anonymous_16)","decl":{"start":{"line":263,"column":2},"end":{"line":263,"column":3}},"loc":{"start":{"line":263,"column":20},"end":{"line":266,"column":3}},"line":263},"17":{"name":"(anonymous_17)","decl":{"start":{"line":273,"column":2},"end":{"line":273,"column":3}},"loc":{"start":{"line":273,"column":18},"end":{"line":308,"column":3}},"line":273},"18":{"name":"(anonymous_18)","decl":{"start":{"line":318,"column":2},"end":{"line":318,"column":3}},"loc":{"start":{"line":318,"column":22},"end":{"line":321,"column":3}},"line":318},"19":{"name":"(anonymous_19)","decl":{"start":{"line":328,"column":2},"end":{"line":328,"column":3}},"loc":{"start":{"line":328,"column":18},"end":{"line":357,"column":3}},"line":328},"20":{"name":"(anonymous_20)","decl":{"start":{"line":368,"column":2},"end":{"line":368,"column":3}},"loc":{"start":{"line":368,"column":18},"end":{"line":370,"column":3}},"line":368},"21":{"name":"(anonymous_21)","decl":{"start":{"line":376,"column":2},"end":{"line":376,"column":3}},"loc":{"start":{"line":376,"column":18},"end":{"line":378,"column":3}},"line":376},"22":{"name":"(anonymous_22)","decl":{"start":{"line":384,"column":2},"end":{"line":384,"column":3}},"loc":{"start":{"line":384,"column":19},"end":{"line":386,"column":3}},"line":384},"23":{"name":"(anonymous_23)","decl":{"start":{"line":392,"column":2},"end":{"line":392,"column":3}},"loc":{"start":{"line":392,"column":16},"end":{"line":394,"column":3}},"line":392},"24":{"name":"(anonymous_24)","decl":{"start":{"line":401,"column":2},"end":{"line":401,"column":3}},"loc":{"start":{"line":401,"column":24},"end":{"line":403,"column":3}},"line":401},"25":{"name":"(anonymous_25)","decl":{"start":{"line":410,"column":2},"end":{"line":410,"column":3}},"loc":{"start":{"line":410,"column":30},"end":{"line":412,"column":3}},"line":410}},"branchMap":{"0":{"loc":{"start":{"line":77,"column":4},"end":{"line":82,"column":5}},"type":"if","locations":[{"start":{"line":77,"column":4},"end":{"line":82,"column":5}},{"start":{},"end":{}}],"line":77},"1":{"loc":{"start":{"line":77,"column":8},"end":{"line":77,"column":45}},"type":"binary-expr","locations":[{"start":{"line":77,"column":8},"end":{"line":77,"column":27}},{"start":{"line":77,"column":31},"end":{"line":77,"column":45}}],"line":77},"2":{"loc":{"start":{"line":80,"column":16},"end":{"line":80,"column":61}},"type":"cond-expr","locations":[{"start":{"line":80,"column":35},"end":{"line":80,"column":37}},{"start":{"line":80,"column":40},"end":{"line":80,"column":61}}],"line":80},"3":{"loc":{"start":{"line":84,"column":4},"end":{"line":89,"column":5}},"type":"if","locations":[{"start":{"line":84,"column":4},"end":{"line":89,"column":5}},{"start":{},"end":{}}],"line":84},"4":{"loc":{"start":{"line":87,"column":17},"end":{"line":87,"column":64}},"type":"binary-expr","locations":[{"start":{"line":87,"column":17},"end":{"line":87,"column":36}},{"start":{"line":87,"column":40},"end":{"line":87,"column":64}}],"line":87},"5":{"loc":{"start":{"line":93,"column":4},"end":{"line":97,"column":5}},"type":"if","locations":[{"start":{"line":93,"column":4},"end":{"line":97,"column":5}},{"start":{},"end":{}}],"line":93},"6":{"loc":{"start":{"line":93,"column":8},"end":{"line":93,"column":66}},"type":"binary-expr","locations":[{"start":{"line":93,"column":8},"end":{"line":93,"column":32}},{"start":{"line":93,"column":36},"end":{"line":93,"column":66}}],"line":93},"7":{"loc":{"start":{"line":95,"column":8},"end":{"line":95,"column":69}},"type":"binary-expr","locations":[{"start":{"line":95,"column":8},"end":{"line":95,"column":27}},{"start":{"line":95,"column":31},"end":{"line":95,"column":69}}],"line":95},"8":{"loc":{"start":{"line":99,"column":4},"end":{"line":103,"column":5}},"type":"if","locations":[{"start":{"line":99,"column":4},"end":{"line":103,"column":5}},{"start":{},"end":{}}],"line":99},"9":{"loc":{"start":{"line":99,"column":8},"end":{"line":99,"column":66}},"type":"binary-expr","locations":[{"start":{"line":99,"column":8},"end":{"line":99,"column":32}},{"start":{"line":99,"column":36},"end":{"line":99,"column":66}}],"line":99},"10":{"loc":{"start":{"line":101,"column":8},"end":{"line":101,"column":69}},"type":"binary-expr","locations":[{"start":{"line":101,"column":8},"end":{"line":101,"column":27}},{"start":{"line":101,"column":31},"end":{"line":101,"column":69}}],"line":101},"11":{"loc":{"start":{"line":105,"column":4},"end":{"line":107,"column":5}},"type":"if","locations":[{"start":{"line":105,"column":4},"end":{"line":107,"column":5}},{"start":{},"end":{}}],"line":105},"12":{"loc":{"start":{"line":105,"column":8},"end":{"line":105,"column":60}},"type":"binary-expr","locations":[{"start":{"line":105,"column":8},"end":{"line":105,"column":30}},{"start":{"line":105,"column":34},"end":{"line":105,"column":60}}],"line":105},"13":{"loc":{"start":{"line":106,"column":18},"end":{"line":106,"column":71}},"type":"binary-expr","locations":[{"start":{"line":106,"column":18},"end":{"line":106,"column":37}},{"start":{"line":106,"column":41},"end":{"line":106,"column":71}}],"line":106},"14":{"loc":{"start":{"line":149,"column":4},"end":{"line":154,"column":5}},"type":"if","locations":[{"start":{"line":149,"column":4},"end":{"line":154,"column":5}},{"start":{},"end":{}}],"line":149},"15":{"loc":{"start":{"line":149,"column":8},"end":{"line":149,"column":45}},"type":"binary-expr","locations":[{"start":{"line":149,"column":8},"end":{"line":149,"column":27}},{"start":{"line":149,"column":31},"end":{"line":149,"column":45}}],"line":149},"16":{"loc":{"start":{"line":152,"column":16},"end":{"line":152,"column":61}},"type":"cond-expr","locations":[{"start":{"line":152,"column":35},"end":{"line":152,"column":37}},{"start":{"line":152,"column":40},"end":{"line":152,"column":61}}],"line":152},"17":{"loc":{"start":{"line":156,"column":4},"end":{"line":161,"column":5}},"type":"if","locations":[{"start":{"line":156,"column":4},"end":{"line":161,"column":5}},{"start":{},"end":{}}],"line":156},"18":{"loc":{"start":{"line":156,"column":8},"end":{"line":156,"column":49}},"type":"binary-expr","locations":[{"start":{"line":156,"column":8},"end":{"line":156,"column":33}},{"start":{"line":156,"column":37},"end":{"line":156,"column":49}}],"line":156},"19":{"loc":{"start":{"line":159,"column":17},"end":{"line":159,"column":64}},"type":"binary-expr","locations":[{"start":{"line":159,"column":17},"end":{"line":159,"column":36}},{"start":{"line":159,"column":40},"end":{"line":159,"column":64}}],"line":159},"20":{"loc":{"start":{"line":165,"column":4},"end":{"line":167,"column":5}},"type":"if","locations":[{"start":{"line":165,"column":4},"end":{"line":167,"column":5}},{"start":{},"end":{}}],"line":165},"21":{"loc":{"start":{"line":165,"column":8},"end":{"line":165,"column":47}},"type":"binary-expr","locations":[{"start":{"line":165,"column":8},"end":{"line":165,"column":26}},{"start":{"line":165,"column":30},"end":{"line":165,"column":47}}],"line":165},"22":{"loc":{"start":{"line":169,"column":4},"end":{"line":171,"column":5}},"type":"if","locations":[{"start":{"line":169,"column":4},"end":{"line":171,"column":5}},{"start":{},"end":{}}],"line":169},"23":{"loc":{"start":{"line":169,"column":8},"end":{"line":169,"column":47}},"type":"binary-expr","locations":[{"start":{"line":169,"column":8},"end":{"line":169,"column":26}},{"start":{"line":169,"column":30},"end":{"line":169,"column":47}}],"line":169},"24":{"loc":{"start":{"line":187,"column":4},"end":{"line":192,"column":5}},"type":"if","locations":[{"start":{"line":187,"column":4},"end":{"line":192,"column":5}},{"start":{},"end":{}}],"line":187},"25":{"loc":{"start":{"line":187,"column":8},"end":{"line":187,"column":45}},"type":"binary-expr","locations":[{"start":{"line":187,"column":8},"end":{"line":187,"column":27}},{"start":{"line":187,"column":31},"end":{"line":187,"column":45}}],"line":187},"26":{"loc":{"start":{"line":190,"column":16},"end":{"line":190,"column":61}},"type":"cond-expr","locations":[{"start":{"line":190,"column":35},"end":{"line":190,"column":37}},{"start":{"line":190,"column":40},"end":{"line":190,"column":61}}],"line":190},"27":{"loc":{"start":{"line":194,"column":4},"end":{"line":199,"column":5}},"type":"if","locations":[{"start":{"line":194,"column":4},"end":{"line":199,"column":5}},{"start":{},"end":{}}],"line":194},"28":{"loc":{"start":{"line":197,"column":17},"end":{"line":197,"column":65}},"type":"binary-expr","locations":[{"start":{"line":197,"column":17},"end":{"line":197,"column":36}},{"start":{"line":197,"column":40},"end":{"line":197,"column":65}}],"line":197},"29":{"loc":{"start":{"line":215,"column":4},"end":{"line":220,"column":5}},"type":"if","locations":[{"start":{"line":215,"column":4},"end":{"line":220,"column":5}},{"start":{},"end":{}}],"line":215},"30":{"loc":{"start":{"line":215,"column":8},"end":{"line":215,"column":45}},"type":"binary-expr","locations":[{"start":{"line":215,"column":8},"end":{"line":215,"column":27}},{"start":{"line":215,"column":31},"end":{"line":215,"column":45}}],"line":215},"31":{"loc":{"start":{"line":218,"column":16},"end":{"line":218,"column":61}},"type":"cond-expr","locations":[{"start":{"line":218,"column":35},"end":{"line":218,"column":37}},{"start":{"line":218,"column":40},"end":{"line":218,"column":61}}],"line":218},"32":{"loc":{"start":{"line":223,"column":4},"end":{"line":228,"column":5}},"type":"if","locations":[{"start":{"line":223,"column":4},"end":{"line":228,"column":5}},{"start":{},"end":{}}],"line":223},"33":{"loc":{"start":{"line":226,"column":17},"end":{"line":226,"column":68}},"type":"binary-expr","locations":[{"start":{"line":226,"column":17},"end":{"line":226,"column":36}},{"start":{"line":226,"column":40},"end":{"line":226,"column":68}}],"line":226},"34":{"loc":{"start":{"line":274,"column":4},"end":{"line":279,"column":5}},"type":"if","locations":[{"start":{"line":274,"column":4},"end":{"line":279,"column":5}},{"start":{},"end":{}}],"line":274},"35":{"loc":{"start":{"line":274,"column":8},"end":{"line":274,"column":45}},"type":"binary-expr","locations":[{"start":{"line":274,"column":8},"end":{"line":274,"column":27}},{"start":{"line":274,"column":31},"end":{"line":274,"column":45}}],"line":274},"36":{"loc":{"start":{"line":277,"column":16},"end":{"line":277,"column":61}},"type":"cond-expr","locations":[{"start":{"line":277,"column":35},"end":{"line":277,"column":37}},{"start":{"line":277,"column":40},"end":{"line":277,"column":61}}],"line":277},"37":{"loc":{"start":{"line":281,"column":4},"end":{"line":286,"column":5}},"type":"if","locations":[{"start":{"line":281,"column":4},"end":{"line":286,"column":5}},{"start":{},"end":{}}],"line":281},"38":{"loc":{"start":{"line":284,"column":17},"end":{"line":284,"column":64}},"type":"binary-expr","locations":[{"start":{"line":284,"column":17},"end":{"line":284,"column":36}},{"start":{"line":284,"column":40},"end":{"line":284,"column":64}}],"line":284},"39":{"loc":{"start":{"line":290,"column":4},"end":{"line":292,"column":5}},"type":"if","locations":[{"start":{"line":290,"column":4},"end":{"line":292,"column":5}},{"start":{},"end":{}}],"line":290},"40":{"loc":{"start":{"line":290,"column":8},"end":{"line":290,"column":66}},"type":"binary-expr","locations":[{"start":{"line":290,"column":8},"end":{"line":290,"column":32}},{"start":{"line":290,"column":36},"end":{"line":290,"column":66}}],"line":290},"41":{"loc":{"start":{"line":294,"column":4},"end":{"line":296,"column":5}},"type":"if","locations":[{"start":{"line":294,"column":4},"end":{"line":296,"column":5}},{"start":{},"end":{}}],"line":294},"42":{"loc":{"start":{"line":294,"column":8},"end":{"line":294,"column":66}},"type":"binary-expr","locations":[{"start":{"line":294,"column":8},"end":{"line":294,"column":32}},{"start":{"line":294,"column":36},"end":{"line":294,"column":66}}],"line":294},"43":{"loc":{"start":{"line":300,"column":6},"end":{"line":304,"column":7}},"type":"if","locations":[{"start":{"line":300,"column":6},"end":{"line":304,"column":7}},{"start":{},"end":{}}],"line":300},"44":{"loc":{"start":{"line":329,"column":4},"end":{"line":334,"column":5}},"type":"if","locations":[{"start":{"line":329,"column":4},"end":{"line":334,"column":5}},{"start":{},"end":{}}],"line":329},"45":{"loc":{"start":{"line":329,"column":8},"end":{"line":329,"column":45}},"type":"binary-expr","locations":[{"start":{"line":329,"column":8},"end":{"line":329,"column":27}},{"start":{"line":329,"column":31},"end":{"line":329,"column":45}}],"line":329},"46":{"loc":{"start":{"line":332,"column":16},"end":{"line":332,"column":61}},"type":"cond-expr","locations":[{"start":{"line":332,"column":35},"end":{"line":332,"column":37}},{"start":{"line":332,"column":40},"end":{"line":332,"column":61}}],"line":332},"47":{"loc":{"start":{"line":336,"column":4},"end":{"line":341,"column":5}},"type":"if","locations":[{"start":{"line":336,"column":4},"end":{"line":341,"column":5}},{"start":{},"end":{}}],"line":336},"48":{"loc":{"start":{"line":336,"column":8},"end":{"line":336,"column":57}},"type":"binary-expr","locations":[{"start":{"line":336,"column":8},"end":{"line":336,"column":33}},{"start":{"line":336,"column":37},"end":{"line":336,"column":57}}],"line":336},"49":{"loc":{"start":{"line":339,"column":17},"end":{"line":339,"column":65}},"type":"binary-expr","locations":[{"start":{"line":339,"column":17},"end":{"line":339,"column":36}},{"start":{"line":339,"column":40},"end":{"line":339,"column":65}}],"line":339},"50":{"loc":{"start":{"line":351,"column":6},"end":{"line":353,"column":7}},"type":"if","locations":[{"start":{"line":351,"column":6},"end":{"line":353,"column":7}},{"start":{},"end":{}}],"line":351}},"s":{"0":23,"1":23,"2":1,"3":1,"4":1,"5":1,"6":12,"7":12,"8":12,"9":12,"10":3,"11":3,"12":1,"13":1,"14":2,"15":2,"16":32,"17":3,"18":29,"19":4,"20":25,"21":25,"22":3,"23":25,"24":1,"25":25,"26":2,"27":25,"28":3,"29":3,"30":3,"31":2,"32":2,"33":1,"34":1,"35":8,"36":1,"37":7,"38":1,"39":6,"40":6,"41":2,"42":6,"43":1,"44":6,"45":5,"46":0,"47":5,"48":2,"49":3,"50":3,"51":0,"52":3,"53":3,"54":1,"55":2,"56":2,"57":2,"58":2,"59":2,"60":1,"61":1,"62":1,"63":1,"64":5,"65":0,"66":5,"67":0,"68":5,"69":5,"70":1,"71":5,"72":1,"73":5,"74":5,"75":11,"76":11,"77":2,"78":5,"79":3,"80":3,"81":6,"82":0,"83":6,"84":0,"85":6,"86":6,"87":6,"88":16,"89":16,"90":16,"91":16,"92":7,"93":6,"94":12,"95":3,"96":2,"97":1,"98":3,"99":2,"100":1},"f":{"0":23,"1":1,"2":1,"3":12,"4":3,"5":1,"6":2,"7":32,"8":3,"9":2,"10":1,"11":8,"12":5,"13":3,"14":2,"15":1,"16":1,"17":5,"18":3,"19":6,"20":12,"21":3,"22":2,"23":1,"24":3,"25":2},"b":{"0":[3,29],"1":[32,32],"2":[1,2],"3":[4,25],"4":[4,4],"5":[3,22],"6":[25,6],"7":[3,2],"8":[1,24],"9":[25,3],"10":[1,1],"11":[2,23],"12":[25,4],"13":[2,2],"14":[1,7],"15":[8,8],"16":[0,1],"17":[1,6],"18":[7,6],"19":[1,1],"20":[2,4],"21":[6,5],"22":[1,5],"23":[6,3],"24":[0,5],"25":[5,5],"26":[0,0],"27":[2,3],"28":[2,2],"29":[0,3],"30":[3,3],"31":[0,0],"32":[1,2],"33":[1,1],"34":[0,5],"35":[5,5],"36":[0,0],"37":[0,5],"38":[0,0],"39":[1,4],"40":[5,3],"41":[1,4],"42":[5,3],"43":[2,9],"44":[0,6],"45":[6,6],"46":[0,0],"47":[0,6],"48":[6,6],"49":[0,0],"50":[7,9]},"_coverageSchema":"1a1c01bbd47fc00a2c39e90264f33305004495a9","hash":"ee5056bacc2c6fe1fd2803322f96e252b8e13535"}
}
