TN:
SF:schema.js
FN:5,(anonymous_0)
FN:14,(anonymous_1)
FN:24,(anonymous_2)
FN:34,(anonymous_3)
FN:46,(anonymous_4)
FN:56,(anonymous_5)
FN:66,(anonymous_6)
FN:76,(anonymous_7)
FN:117,(anonymous_8)
FN:128,(anonymous_9)
FN:138,(anonymous_10)
FN:148,(anonymous_11)
FN:186,(anonymous_12)
FN:214,(anonymous_13)
FN:241,(anonymous_14)
FN:253,(anonymous_15)
FN:263,(anonymous_16)
FN:273,(anonymous_17)
FN:318,(anonymous_18)
FN:328,(anonymous_19)
FN:368,(anonymous_20)
FN:376,(anonymous_21)
FN:384,(anonymous_22)
FN:392,(anonymous_23)
FN:401,(anonymous_24)
FN:410,(anonymous_25)
FNF:26
FNH:26
FNDA:23,(anonymous_0)
FNDA:1,(anonymous_1)
FNDA:1,(anonymous_2)
FNDA:12,(anonymous_3)
FNDA:3,(anonymous_4)
FNDA:1,(anonymous_5)
FNDA:2,(anonymous_6)
FNDA:32,(anonymous_7)
FNDA:3,(anonymous_8)
FNDA:2,(anonymous_9)
FNDA:1,(anonymous_10)
FNDA:8,(anonymous_11)
FNDA:5,(anonymous_12)
FNDA:3,(anonymous_13)
FNDA:2,(anonymous_14)
FNDA:1,(anonymous_15)
FNDA:1,(anonymous_16)
FNDA:5,(anonymous_17)
FNDA:3,(anonymous_18)
FNDA:6,(anonymous_19)
FNDA:12,(anonymous_20)
FNDA:3,(anonymous_21)
FNDA:2,(anonymous_22)
FNDA:1,(anonymous_23)
FNDA:3,(anonymous_24)
FNDA:2,(anonymous_25)
DA:6,23
DA:7,23
DA:15,1
DA:16,1
DA:25,1
DA:26,1
DA:35,12
DA:36,12
DA:37,12
DA:38,12
DA:47,3
DA:48,3
DA:57,1
DA:58,1
DA:67,2
DA:68,2
DA:77,32
DA:78,3
DA:84,29
DA:85,4
DA:91,25
DA:93,25
DA:94,3
DA:99,25
DA:100,1
DA:105,25
DA:106,2
DA:109,25
DA:118,3
DA:119,3
DA:120,3
DA:129,2
DA:130,2
DA:139,1
DA:140,1
DA:149,8
DA:150,1
DA:156,7
DA:157,1
DA:163,6
DA:165,6
DA:166,2
DA:169,6
DA:170,1
DA:173,6
DA:187,5
DA:188,0
DA:194,5
DA:195,2
DA:201,3
DA:215,3
DA:216,0
DA:222,3
DA:223,3
DA:224,1
DA:230,2
DA:242,2
DA:243,2
DA:244,2
DA:245,2
DA:254,1
DA:255,1
DA:264,1
DA:265,1
DA:274,5
DA:275,0
DA:281,5
DA:282,0
DA:288,5
DA:290,5
DA:291,1
DA:294,5
DA:295,1
DA:298,5
DA:299,11
DA:300,11
DA:301,2
DA:307,5
DA:319,3
DA:320,3
DA:329,6
DA:330,0
DA:336,6
DA:337,0
DA:343,6
DA:344,6
DA:346,6
DA:347,16
DA:348,16
DA:349,16
DA:351,16
DA:352,7
DA:356,6
DA:369,12
DA:377,3
DA:385,2
DA:393,1
DA:402,3
DA:411,2
DA:415,1
LF:100
LH:94
BRDA:77,0,0,3
BRDA:77,0,1,29
BRDA:77,1,0,32
BRDA:77,1,1,32
BRDA:80,2,0,1
BRDA:80,2,1,2
BRDA:84,3,0,4
BRDA:84,3,1,25
BRDA:87,4,0,4
BRDA:87,4,1,4
BRDA:93,5,0,3
BRDA:93,5,1,22
BRDA:93,6,0,25
BRDA:93,6,1,6
BRDA:95,7,0,3
BRDA:95,7,1,2
BRDA:99,8,0,1
BRDA:99,8,1,24
BRDA:99,9,0,25
BRDA:99,9,1,3
BRDA:101,10,0,1
BRDA:101,10,1,1
BRDA:105,11,0,2
BRDA:105,11,1,23
BRDA:105,12,0,25
BRDA:105,12,1,4
BRDA:106,13,0,2
BRDA:106,13,1,2
BRDA:149,14,0,1
BRDA:149,14,1,7
BRDA:149,15,0,8
BRDA:149,15,1,8
BRDA:152,16,0,0
BRDA:152,16,1,1
BRDA:156,17,0,1
BRDA:156,17,1,6
BRDA:156,18,0,7
BRDA:156,18,1,6
BRDA:159,19,0,1
BRDA:159,19,1,1
BRDA:165,20,0,2
BRDA:165,20,1,4
BRDA:165,21,0,6
BRDA:165,21,1,5
BRDA:169,22,0,1
BRDA:169,22,1,5
BRDA:169,23,0,6
BRDA:169,23,1,3
BRDA:187,24,0,0
BRDA:187,24,1,5
BRDA:187,25,0,5
BRDA:187,25,1,5
BRDA:190,26,0,0
BRDA:190,26,1,0
BRDA:194,27,0,2
BRDA:194,27,1,3
BRDA:197,28,0,2
BRDA:197,28,1,2
BRDA:215,29,0,0
BRDA:215,29,1,3
BRDA:215,30,0,3
BRDA:215,30,1,3
BRDA:218,31,0,0
BRDA:218,31,1,0
BRDA:223,32,0,1
BRDA:223,32,1,2
BRDA:226,33,0,1
BRDA:226,33,1,1
BRDA:274,34,0,0
BRDA:274,34,1,5
BRDA:274,35,0,5
BRDA:274,35,1,5
BRDA:277,36,0,0
BRDA:277,36,1,0
BRDA:281,37,0,0
BRDA:281,37,1,5
BRDA:284,38,0,0
BRDA:284,38,1,0
BRDA:290,39,0,1
BRDA:290,39,1,4
BRDA:290,40,0,5
BRDA:290,40,1,3
BRDA:294,41,0,1
BRDA:294,41,1,4
BRDA:294,42,0,5
BRDA:294,42,1,3
BRDA:300,43,0,2
BRDA:300,43,1,9
BRDA:329,44,0,0
BRDA:329,44,1,6
BRDA:329,45,0,6
BRDA:329,45,1,6
BRDA:332,46,0,0
BRDA:332,46,1,0
BRDA:336,47,0,0
BRDA:336,47,1,6
BRDA:336,48,0,6
BRDA:336,48,1,6
BRDA:339,49,0,0
BRDA:339,49,1,0
BRDA:351,50,0,7
BRDA:351,50,1,9
BRF:102
BRH:83
end_of_record
