<?xml version="1.0" encoding="UTF-8"?>
<coverage generated="1750069869968" clover="3.2.0">
  <project timestamp="1750069869968" name="All files">
    <metrics statements="130" coveredstatements="106" conditionals="63" coveredconditionals="41" methods="34" coveredmethods="29" elements="227" coveredelements="176" complexity="0" loc="130" ncloc="130" packages="1" files="4" classes="4"/>
    <file name="Board.js" path="/home/izzatbeksultonov/Desktop/edu-ai-challenge-2025/task_7/src/models/Board.js">
      <metrics statements="11" coveredstatements="10" conditionals="5" coveredconditionals="5" methods="10" coveredmethods="8"/>
      <line num="3" count="22" type="stmt"/>
      <line num="4" count="22" type="stmt"/>
      <line num="6" count="220" type="stmt"/>
      <line num="10" count="49" type="stmt"/>
      <line num="11" count="147" type="stmt"/>
      <line num="16" count="1" type="stmt"/>
      <line num="20" count="8" type="stmt"/>
      <line num="24" count="157" type="cond" truecount="4" falsecount="0"/>
      <line num="28" count="256" type="stmt"/>
      <line num="32" count="0" type="stmt"/>
      <line num="36" count="2" type="stmt"/>
    </file>
    <file name="Game.js" path="/home/izzatbeksultonov/Desktop/edu-ai-challenge-2025/task_7/src/models/Game.js">
      <metrics statements="52" coveredstatements="39" conditionals="33" coveredconditionals="16" methods="7" coveredmethods="6"/>
      <line num="1" count="1" type="stmt"/>
      <line num="5" count="8" type="cond" truecount="1" falsecount="1"/>
      <line num="6" count="8" type="cond" truecount="1" falsecount="1"/>
      <line num="7" count="8" type="cond" truecount="1" falsecount="1"/>
      <line num="9" count="8" type="stmt"/>
      <line num="10" count="8" type="stmt"/>
      <line num="11" count="8" type="stmt"/>
      <line num="12" count="8" type="stmt"/>
      <line num="13" count="8" type="stmt"/>
      <line num="17" count="8" type="stmt"/>
      <line num="18" count="8" type="stmt"/>
      <line num="22" count="5" type="cond" truecount="1" falsecount="1"/>
      <line num="23" count="5" type="cond" truecount="1" falsecount="1"/>
      <line num="24" count="0" type="stmt"/>
      <line num="26" count="5" type="stmt"/>
      <line num="27" count="5" type="cond" truecount="2" falsecount="0"/>
      <line num="29" count="4" type="stmt"/>
      <line num="30" count="3" type="stmt"/>
      <line num="32" count="3" type="cond" truecount="1" falsecount="1"/>
      <line num="33" count="3" type="stmt"/>
      <line num="34" count="3" type="stmt"/>
      <line num="37" count="3" type="stmt"/>
      <line num="47" count="3" type="cond" truecount="1" falsecount="1"/>
      <line num="50" count="3" type="cond" truecount="1" falsecount="1"/>
      <line num="51" count="0" type="stmt"/>
      <line num="52" count="0" type="cond" truecount="0" falsecount="2"/>
      <line num="53" count="0" type="stmt"/>
      <line num="54" count="0" type="stmt"/>
      <line num="56" count="0" type="stmt"/>
      <line num="60" count="3" type="cond" truecount="1" falsecount="1"/>
      <line num="61" count="3" type="stmt"/>
      <line num="62" count="3" type="stmt"/>
      <line num="63" count="3" type="stmt"/>
      <line num="67" count="3" type="stmt"/>
      <line num="69" count="3" type="cond" truecount="1" falsecount="1"/>
      <line num="70" count="0" type="stmt"/>
      <line num="72" count="0" type="stmt"/>
      <line num="79" count="0" type="stmt"/>
      <line num="80" count="0" type="cond" truecount="0" falsecount="2"/>
      <line num="81" count="0" type="stmt"/>
      <line num="86" count="3" type="stmt"/>
      <line num="87" count="3" type="cond" truecount="1" falsecount="1"/>
      <line num="88" count="3" type="stmt"/>
      <line num="91" count="3" type="stmt"/>
      <line num="102" count="7" type="cond" truecount="1" falsecount="1"/>
      <line num="103" count="0" type="stmt"/>
      <line num="104" count="0" type="stmt"/>
      <line num="105" count="7" type="cond" truecount="2" falsecount="0"/>
      <line num="106" count="1" type="stmt"/>
      <line num="107" count="1" type="stmt"/>
      <line num="112" count="1" type="stmt"/>
      <line num="124" count="1" type="stmt"/>
    </file>
    <file name="Player.js" path="/home/izzatbeksultonov/Desktop/edu-ai-challenge-2025/task_7/src/models/Player.js">
      <metrics statements="58" coveredstatements="48" conditionals="25" coveredconditionals="20" methods="11" coveredmethods="9"/>
      <line num="1" count="1" type="stmt"/>
      <line num="2" count="1" type="stmt"/>
      <line num="6" count="16" type="stmt"/>
      <line num="7" count="16" type="stmt"/>
      <line num="8" count="16" type="stmt"/>
      <line num="9" count="16" type="stmt"/>
      <line num="10" count="16" type="stmt"/>
      <line num="11" count="16" type="stmt"/>
      <line num="12" count="16" type="stmt"/>
      <line num="16" count="16" type="stmt"/>
      <line num="17" count="48" type="stmt"/>
      <line num="18" count="48" type="stmt"/>
      <line num="19" count="48" type="stmt"/>
      <line num="20" count="48" type="stmt"/>
      <line num="21" count="48" type="stmt"/>
      <line num="26" count="48" type="stmt"/>
      <line num="27" count="48" type="cond" truecount="2" falsecount="0"/>
      <line num="30" count="48" type="stmt"/>
      <line num="31" count="52" type="cond" truecount="2" falsecount="0"/>
      <line num="32" count="27" type="stmt"/>
      <line num="33" count="27" type="stmt"/>
      <line num="35" count="25" type="stmt"/>
      <line num="36" count="25" type="stmt"/>
      <line num="40" count="48" type="stmt"/>
      <line num="41" count="144" type="cond" truecount="2" falsecount="0"/>
      <line num="42" count="144" type="cond" truecount="2" falsecount="0"/>
      <line num="43" count="144" type="stmt"/>
      <line num="46" count="48" type="stmt"/>
      <line num="50" count="52" type="stmt"/>
      <line num="51" count="151" type="cond" truecount="2" falsecount="0"/>
      <line num="52" count="151" type="cond" truecount="2" falsecount="0"/>
      <line num="54" count="151" type="cond" truecount="2" falsecount="0"/>
      <line num="58" count="4" type="stmt"/>
      <line num="61" count="48" type="stmt"/>
      <line num="65" count="8" type="stmt"/>
      <line num="66" count="8" type="cond" truecount="2" falsecount="0"/>
      <line num="67" count="1" type="stmt"/>
      <line num="70" count="7" type="stmt"/>
      <line num="71" count="7" type="stmt"/>
      <line num="75" count="7" type="stmt"/>
      <line num="76" count="7" type="stmt"/>
      <line num="77" count="21" type="stmt"/>
      <line num="78" count="63" type="stmt"/>
      <line num="81" count="21" type="cond" truecount="1" falsecount="1"/>
      <line num="82" count="0" type="stmt"/>
      <line num="83" count="0" type="stmt"/>
      <line num="84" count="0" type="stmt"/>
      <line num="88" count="7" type="stmt"/>
      <line num="89" count="6" type="stmt"/>
      <line num="93" count="48" type="stmt"/>
      <line num="97" count="0" type="stmt"/>
      <line num="98" count="0" type="cond" truecount="0" falsecount="2"/>
      <line num="99" count="0" type="stmt"/>
      <line num="104" count="0" type="cond" truecount="0" falsecount="2"/>
      <line num="105" count="0" type="stmt"/>
      <line num="106" count="0" type="stmt"/>
      <line num="111" count="0" type="stmt"/>
      <line num="115" count="1" type="stmt"/>
    </file>
    <file name="Ship.js" path="/home/izzatbeksultonov/Desktop/edu-ai-challenge-2025/task_7/src/models/Ship.js">
      <metrics statements="9" coveredstatements="9" conditionals="0" coveredconditionals="0" methods="6" coveredmethods="6"/>
      <line num="3" count="54" type="stmt"/>
      <line num="4" count="54" type="stmt"/>
      <line num="5" count="54" type="stmt"/>
      <line num="9" count="51" type="stmt"/>
      <line num="13" count="15" type="stmt"/>
      <line num="17" count="2" type="stmt"/>
      <line num="21" count="50" type="stmt"/>
      <line num="25" count="79" type="stmt"/>
      <line num="29" count="2" type="stmt"/>
    </file>
  </project>
</coverage>
