{"/home/izzatbeksultonov/Desktop/edu-ai-challenge-2025/task_7/src/models/Board.js": {"path":"/home/izzatbeksultonov/Desktop/edu-ai-challenge-2025/task_7/src/models/Board.js","statementMap":{"0":{"start":{"line":3,"column":4},"end":{"line":3,"column":21}},"1":{"start":{"line":4,"column":4},"end":{"line":6,"column":40}},"2":{"start":{"line":6,"column":17},"end":{"line":6,"column":38}},"3":{"start":{"line":10,"column":4},"end":{"line":12,"column":7}},"4":{"start":{"line":11,"column":6},"end":{"line":11,"column":32}},"5":{"start":{"line":16,"column":4},"end":{"line":16,"column":30}},"6":{"start":{"line":20,"column":4},"end":{"line":20,"column":30}},"7":{"start":{"line":24,"column":4},"end":{"line":24,"column":70}},"8":{"start":{"line":28,"column":4},"end":{"line":28,"column":31}},"9":{"start":{"line":32,"column":4},"end":{"line":32,"column":60}},"10":{"start":{"line":32,"column":34},"end":{"line":32,"column":47}},"11":{"start":{"line":36,"column":0},"end":{"line":36,"column":23}}},"fnMap":{"0":{"name":"(anonymous_0)","decl":{"start":{"line":2,"column":2},"end":{"line":2,"column":3}},"loc":{"start":{"line":2,"column":25},"end":{"line":7,"column":3}},"line":2},"1":{"name":"(anonymous_1)","decl":{"start":{"line":6,"column":11},"end":{"line":6,"column":12}},"loc":{"start":{"line":6,"column":17},"end":{"line":6,"column":38}},"line":6},"2":{"name":"(anonymous_2)","decl":{"start":{"line":9,"column":2},"end":{"line":9,"column":3}},"loc":{"start":{"line":9,"column":29},"end":{"line":13,"column":3}},"line":9},"3":{"name":"(anonymous_3)","decl":{"start":{"line":10,"column":22},"end":{"line":10,"column":23}},"loc":{"start":{"line":10,"column":40},"end":{"line":12,"column":5}},"line":10},"4":{"name":"(anonymous_4)","decl":{"start":{"line":15,"column":2},"end":{"line":15,"column":3}},"loc":{"start":{"line":15,"column":20},"end":{"line":17,"column":3}},"line":15},"5":{"name":"(anonymous_5)","decl":{"start":{"line":19,"column":2},"end":{"line":19,"column":3}},"loc":{"start":{"line":19,"column":21},"end":{"line":21,"column":3}},"line":19},"6":{"name":"(anonymous_6)","decl":{"start":{"line":23,"column":2},"end":{"line":23,"column":3}},"loc":{"start":{"line":23,"column":28},"end":{"line":25,"column":3}},"line":23},"7":{"name":"(anonymous_7)","decl":{"start":{"line":27,"column":2},"end":{"line":27,"column":3}},"loc":{"start":{"line":27,"column":20},"end":{"line":29,"column":3}},"line":27},"8":{"name":"(anonymous_8)","decl":{"start":{"line":31,"column":2},"end":{"line":31,"column":3}},"loc":{"start":{"line":31,"column":13},"end":{"line":33,"column":3}},"line":31},"9":{"name":"(anonymous_9)","decl":{"start":{"line":32,"column":25},"end":{"line":32,"column":26}},"loc":{"start":{"line":32,"column":34},"end":{"line":32,"column":47}},"line":32}},"branchMap":{"0":{"loc":{"start":{"line":2,"column":14},"end":{"line":2,"column":23}},"type":"default-arg","locations":[{"start":{"line":2,"column":21},"end":{"line":2,"column":23}}],"line":2},"1":{"loc":{"start":{"line":24,"column":11},"end":{"line":24,"column":69}},"type":"binary-expr","locations":[{"start":{"line":24,"column":11},"end":{"line":24,"column":19}},{"start":{"line":24,"column":23},"end":{"line":24,"column":38}},{"start":{"line":24,"column":42},"end":{"line":24,"column":50}},{"start":{"line":24,"column":54},"end":{"line":24,"column":69}}],"line":24}},"s":{"0":22,"1":22,"2":220,"3":49,"4":147,"5":1,"6":8,"7":157,"8":256,"9":0,"10":0,"11":2},"f":{"0":22,"1":220,"2":49,"3":147,"4":1,"5":8,"6":157,"7":256,"8":0,"9":0},"b":{"0":[16],"1":[157,156,155,154]},"_coverageSchema":"1a1c01bbd47fc00a2c39e90264f33305004495a9","hash":"65867fed600b0408ae12093626b01fba2521349c"}
,"/home/izzatbeksultonov/Desktop/edu-ai-challenge-2025/task_7/src/models/Game.js": {"path":"/home/izzatbeksultonov/Desktop/edu-ai-challenge-2025/task_7/src/models/Game.js","statementMap":{"0":{"start":{"line":1,"column":15},"end":{"line":1,"column":34}},"1":{"start":{"line":5,"column":4},"end":{"line":5,"column":44}},"2":{"start":{"line":6,"column":4},"end":{"line":6,"column":41}},"3":{"start":{"line":7,"column":4},"end":{"line":7,"column":45}},"4":{"start":{"line":9,"column":4},"end":{"line":9,"column":39}},"5":{"start":{"line":10,"column":4},"end":{"line":10,"column":49}},"6":{"start":{"line":11,"column":4},"end":{"line":11,"column":32}},"7":{"start":{"line":12,"column":4},"end":{"line":12,"column":26}},"8":{"start":{"line":13,"column":4},"end":{"line":13,"column":23}},"9":{"start":{"line":17,"column":4},"end":{"line":17,"column":59}},"10":{"start":{"line":18,"column":4},"end":{"line":18,"column":61}},"11":{"start":{"line":22,"column":4},"end":{"line":22,"column":72}},"12":{"start":{"line":22,"column":23},"end":{"line":22,"column":72}},"13":{"start":{"line":23,"column":4},"end":{"line":24,"column":56}},"14":{"start":{"line":24,"column":6},"end":{"line":24,"column":56}},"15":{"start":{"line":26,"column":24},"end":{"line":26,"column":55}},"16":{"start":{"line":27,"column":4},"end":{"line":27,"column":47}},"17":{"start":{"line":27,"column":28},"end":{"line":27,"column":47}},"18":{"start":{"line":29,"column":19},"end":{"line":29,"column":55}},"19":{"start":{"line":30,"column":4},"end":{"line":30,"column":25}},"20":{"start":{"line":32,"column":4},"end":{"line":35,"column":5}},"21":{"start":{"line":33,"column":6},"end":{"line":33,"column":36}},"22":{"start":{"line":34,"column":6},"end":{"line":34,"column":34}},"23":{"start":{"line":37,"column":4},"end":{"line":43,"column":6}},"24":{"start":{"line":47,"column":4},"end":{"line":47,"column":30}},"25":{"start":{"line":47,"column":23},"end":{"line":47,"column":30}},"26":{"start":{"line":50,"column":4},"end":{"line":58,"column":5}},"27":{"start":{"line":51,"column":21},"end":{"line":51,"column":50}},"28":{"start":{"line":52,"column":6},"end":{"line":57,"column":7}},"29":{"start":{"line":53,"column":8},"end":{"line":53,"column":25}},"30":{"start":{"line":54,"column":8},"end":{"line":54,"column":25}},"31":{"start":{"line":56,"column":8},"end":{"line":56,"column":36}},"32":{"start":{"line":60,"column":4},"end":{"line":65,"column":5}},"33":{"start":{"line":61,"column":6},"end":{"line":64,"column":57}},"34":{"start":{"line":62,"column":8},"end":{"line":62,"column":57}},"35":{"start":{"line":63,"column":8},"end":{"line":63,"column":57}},"36":{"start":{"line":67,"column":19},"end":{"line":67,"column":53}},"37":{"start":{"line":69,"column":4},"end":{"line":84,"column":5}},"38":{"start":{"line":70,"column":6},"end":{"line":70,"column":36}},"39":{"start":{"line":72,"column":23},"end":{"line":77,"column":7}},"40":{"start":{"line":79,"column":6},"end":{"line":83,"column":9}},"41":{"start":{"line":80,"column":8},"end":{"line":82,"column":9}},"42":{"start":{"line":81,"column":10},"end":{"line":81,"column":47}},"43":{"start":{"line":86,"column":4},"end":{"line":86,"column":25}},"44":{"start":{"line":87,"column":4},"end":{"line":89,"column":5}},"45":{"start":{"line":88,"column":6},"end":{"line":88,"column":34}},"46":{"start":{"line":91,"column":4},"end":{"line":98,"column":6}},"47":{"start":{"line":102,"column":4},"end":{"line":108,"column":5}},"48":{"start":{"line":103,"column":6},"end":{"line":103,"column":27}},"49":{"start":{"line":104,"column":6},"end":{"line":104,"column":31}},"50":{"start":{"line":105,"column":11},"end":{"line":108,"column":5}},"51":{"start":{"line":106,"column":6},"end":{"line":106,"column":27}},"52":{"start":{"line":107,"column":6},"end":{"line":107,"column":29}},"53":{"start":{"line":112,"column":4},"end":{"line":120,"column":6}},"54":{"start":{"line":124,"column":0},"end":{"line":124,"column":22}}},"fnMap":{"0":{"name":"(anonymous_0)","decl":{"start":{"line":4,"column":2},"end":{"line":4,"column":3}},"loc":{"start":{"line":4,"column":27},"end":{"line":14,"column":3}},"line":4},"1":{"name":"(anonymous_1)","decl":{"start":{"line":16,"column":2},"end":{"line":16,"column":3}},"loc":{"start":{"line":16,"column":15},"end":{"line":19,"column":3}},"line":16},"2":{"name":"(anonymous_2)","decl":{"start":{"line":21,"column":2},"end":{"line":21,"column":3}},"loc":{"start":{"line":21,"column":31},"end":{"line":44,"column":3}},"line":21},"3":{"name":"(anonymous_3)","decl":{"start":{"line":46,"column":2},"end":{"line":46,"column":3}},"loc":{"start":{"line":46,"column":25},"end":{"line":99,"column":3}},"line":46},"4":{"name":"(anonymous_4)","decl":{"start":{"line":79,"column":23},"end":{"line":79,"column":24}},"loc":{"start":{"line":79,"column":37},"end":{"line":83,"column":7}},"line":79},"5":{"name":"(anonymous_5)","decl":{"start":{"line":101,"column":2},"end":{"line":101,"column":3}},"loc":{"start":{"line":101,"column":18},"end":{"line":109,"column":3}},"line":101},"6":{"name":"(anonymous_6)","decl":{"start":{"line":111,"column":2},"end":{"line":111,"column":3}},"loc":{"start":{"line":111,"column":17},"end":{"line":121,"column":3}},"line":111}},"branchMap":{"0":{"loc":{"start":{"line":4,"column":14},"end":{"line":4,"column":25}},"type":"default-arg","locations":[{"start":{"line":4,"column":23},"end":{"line":4,"column":25}}],"line":4},"1":{"loc":{"start":{"line":5,"column":21},"end":{"line":5,"column":43}},"type":"binary-expr","locations":[{"start":{"line":5,"column":21},"end":{"line":5,"column":37}},{"start":{"line":5,"column":41},"end":{"line":5,"column":43}}],"line":5},"2":{"loc":{"start":{"line":6,"column":20},"end":{"line":6,"column":40}},"type":"binary-expr","locations":[{"start":{"line":6,"column":20},"end":{"line":6,"column":35}},{"start":{"line":6,"column":39},"end":{"line":6,"column":40}}],"line":6},"3":{"loc":{"start":{"line":7,"column":22},"end":{"line":7,"column":44}},"type":"binary-expr","locations":[{"start":{"line":7,"column":22},"end":{"line":7,"column":39}},{"start":{"line":7,"column":43},"end":{"line":7,"column":44}}],"line":7},"4":{"loc":{"start":{"line":22,"column":4},"end":{"line":22,"column":72}},"type":"if","locations":[{"start":{"line":22,"column":4},"end":{"line":22,"column":72}},{"start":{},"end":{}}],"line":22},"5":{"loc":{"start":{"line":23,"column":4},"end":{"line":24,"column":56}},"type":"if","locations":[{"start":{"line":23,"column":4},"end":{"line":24,"column":56}},{"start":{},"end":{}}],"line":23},"6":{"loc":{"start":{"line":27,"column":4},"end":{"line":27,"column":47}},"type":"if","locations":[{"start":{"line":27,"column":4},"end":{"line":27,"column":47}},{"start":{},"end":{}}],"line":27},"7":{"loc":{"start":{"line":32,"column":4},"end":{"line":35,"column":5}},"type":"if","locations":[{"start":{"line":32,"column":4},"end":{"line":35,"column":5}},{"start":{},"end":{}}],"line":32},"8":{"loc":{"start":{"line":47,"column":4},"end":{"line":47,"column":30}},"type":"if","locations":[{"start":{"line":47,"column":4},"end":{"line":47,"column":30}},{"start":{},"end":{}}],"line":47},"9":{"loc":{"start":{"line":50,"column":4},"end":{"line":58,"column":5}},"type":"if","locations":[{"start":{"line":50,"column":4},"end":{"line":58,"column":5}},{"start":{},"end":{}}],"line":50},"10":{"loc":{"start":{"line":52,"column":6},"end":{"line":57,"column":7}},"type":"if","locations":[{"start":{"line":52,"column":6},"end":{"line":57,"column":7}},{"start":{"line":55,"column":13},"end":{"line":57,"column":7}}],"line":52},"11":{"loc":{"start":{"line":60,"column":4},"end":{"line":65,"column":5}},"type":"if","locations":[{"start":{"line":60,"column":4},"end":{"line":65,"column":5}},{"start":{},"end":{}}],"line":60},"12":{"loc":{"start":{"line":69,"column":4},"end":{"line":84,"column":5}},"type":"if","locations":[{"start":{"line":69,"column":4},"end":{"line":84,"column":5}},{"start":{},"end":{}}],"line":69},"13":{"loc":{"start":{"line":80,"column":8},"end":{"line":82,"column":9}},"type":"if","locations":[{"start":{"line":80,"column":8},"end":{"line":82,"column":9}},{"start":{},"end":{}}],"line":80},"14":{"loc":{"start":{"line":87,"column":4},"end":{"line":89,"column":5}},"type":"if","locations":[{"start":{"line":87,"column":4},"end":{"line":89,"column":5}},{"start":{},"end":{}}],"line":87},"15":{"loc":{"start":{"line":102,"column":4},"end":{"line":108,"column":5}},"type":"if","locations":[{"start":{"line":102,"column":4},"end":{"line":108,"column":5}},{"start":{"line":105,"column":11},"end":{"line":108,"column":5}}],"line":102},"16":{"loc":{"start":{"line":105,"column":11},"end":{"line":108,"column":5}},"type":"if","locations":[{"start":{"line":105,"column":11},"end":{"line":108,"column":5}},{"start":{},"end":{}}],"line":105}},"s":{"0":1,"1":8,"2":8,"3":8,"4":8,"5":8,"6":8,"7":8,"8":8,"9":8,"10":8,"11":5,"12":0,"13":5,"14":0,"15":5,"16":5,"17":1,"18":4,"19":3,"20":3,"21":3,"22":3,"23":3,"24":3,"25":0,"26":3,"27":0,"28":0,"29":0,"30":0,"31":0,"32":3,"33":3,"34":3,"35":3,"36":3,"37":3,"38":0,"39":0,"40":0,"41":0,"42":0,"43":3,"44":3,"45":3,"46":3,"47":7,"48":0,"49":0,"50":7,"51":1,"52":1,"53":1,"54":1},"f":{"0":8,"1":8,"2":5,"3":3,"4":0,"5":7,"6":1},"b":{"0":[0],"1":[8,0],"2":[8,0],"3":[8,0],"4":[0,5],"5":[0,5],"6":[1,4],"7":[3,0],"8":[0,3],"9":[0,3],"10":[0,0],"11":[3,0],"12":[0,3],"13":[0,0],"14":[3,0],"15":[0,7],"16":[1,6]},"_coverageSchema":"1a1c01bbd47fc00a2c39e90264f33305004495a9","hash":"56c5ae240ff2a2f8ade85841bb4fa7d30e7dd117"}
,"/home/izzatbeksultonov/Desktop/edu-ai-challenge-2025/task_7/src/models/Player.js": {"path":"/home/izzatbeksultonov/Desktop/edu-ai-challenge-2025/task_7/src/models/Player.js","statementMap":{"0":{"start":{"line":1,"column":13},"end":{"line":1,"column":30}},"1":{"start":{"line":2,"column":14},"end":{"line":2,"column":32}},"2":{"start":{"line":6,"column":4},"end":{"line":6,"column":21}},"3":{"start":{"line":7,"column":4},"end":{"line":7,"column":33}},"4":{"start":{"line":8,"column":4},"end":{"line":8,"column":29}},"5":{"start":{"line":9,"column":4},"end":{"line":9,"column":20}},"6":{"start":{"line":10,"column":4},"end":{"line":10,"column":29}},"7":{"start":{"line":11,"column":4},"end":{"line":11,"column":26}},"8":{"start":{"line":12,"column":4},"end":{"line":12,"column":23}},"9":{"start":{"line":16,"column":4},"end":{"line":22,"column":5}},"10":{"start":{"line":16,"column":17},"end":{"line":16,"column":18}},"11":{"start":{"line":17,"column":19},"end":{"line":17,"column":39}},"12":{"start":{"line":18,"column":24},"end":{"line":18,"column":62}},"13":{"start":{"line":19,"column":6},"end":{"line":19,"column":28}},"14":{"start":{"line":20,"column":6},"end":{"line":20,"column":28}},"15":{"start":{"line":21,"column":6},"end":{"line":21,"column":44}},"16":{"start":{"line":26,"column":22},"end":{"line":26,"column":24}},"17":{"start":{"line":27,"column":24},"end":{"line":27,"column":71}},"18":{"start":{"line":30,"column":4},"end":{"line":38,"column":78}},"19":{"start":{"line":31,"column":6},"end":{"line":37,"column":7}},"20":{"start":{"line":32,"column":8},"end":{"line":32,"column":63}},"21":{"start":{"line":33,"column":8},"end":{"line":33,"column":78}},"22":{"start":{"line":35,"column":8},"end":{"line":35,"column":78}},"23":{"start":{"line":36,"column":8},"end":{"line":36,"column":63}},"24":{"start":{"line":40,"column":4},"end":{"line":44,"column":5}},"25":{"start":{"line":40,"column":17},"end":{"line":40,"column":18}},"26":{"start":{"line":41,"column":18},"end":{"line":41,"column":72}},"27":{"start":{"line":42,"column":18},"end":{"line":42,"column":72}},"28":{"start":{"line":43,"column":6},"end":{"line":43,"column":35}},"29":{"start":{"line":46,"column":4},"end":{"line":46,"column":21}},"30":{"start":{"line":50,"column":4},"end":{"line":60,"column":5}},"31":{"start":{"line":50,"column":17},"end":{"line":50,"column":18}},"32":{"start":{"line":51,"column":18},"end":{"line":51,"column":72}},"33":{"start":{"line":52,"column":18},"end":{"line":52,"column":72}},"34":{"start":{"line":54,"column":6},"end":{"line":59,"column":7}},"35":{"start":{"line":58,"column":8},"end":{"line":58,"column":21}},"36":{"start":{"line":61,"column":4},"end":{"line":61,"column":16}},"37":{"start":{"line":65,"column":21},"end":{"line":65,"column":35}},"38":{"start":{"line":66,"column":4},"end":{"line":68,"column":5}},"39":{"start":{"line":67,"column":6},"end":{"line":67,"column":72}},"40":{"start":{"line":70,"column":4},"end":{"line":70,"column":31}},"41":{"start":{"line":71,"column":4},"end":{"line":71,"column":27}},"42":{"start":{"line":75,"column":21},"end":{"line":75,"column":35}},"43":{"start":{"line":76,"column":4},"end":{"line":86,"column":5}},"44":{"start":{"line":77,"column":23},"end":{"line":79,"column":7}},"45":{"start":{"line":78,"column":15},"end":{"line":78,"column":61}},"46":{"start":{"line":81,"column":6},"end":{"line":85,"column":7}},"47":{"start":{"line":82,"column":8},"end":{"line":82,"column":27}},"48":{"start":{"line":83,"column":8},"end":{"line":83,"column":37}},"49":{"start":{"line":84,"column":8},"end":{"line":84,"column":50}},"50":{"start":{"line":88,"column":4},"end":{"line":88,"column":34}},"51":{"start":{"line":89,"column":4},"end":{"line":89,"column":26}},"52":{"start":{"line":93,"column":4},"end":{"line":93,"column":62}},"53":{"start":{"line":93,"column":39},"end":{"line":93,"column":53}},"54":{"start":{"line":97,"column":21},"end":{"line":97,"column":35}},"55":{"start":{"line":98,"column":4},"end":{"line":100,"column":5}},"56":{"start":{"line":99,"column":6},"end":{"line":99,"column":38}},"57":{"start":{"line":104,"column":4},"end":{"line":110,"column":5}},"58":{"start":{"line":105,"column":21},"end":{"line":105,"column":45}},"59":{"start":{"line":106,"column":6},"end":{"line":109,"column":8}},"60":{"start":{"line":111,"column":4},"end":{"line":111,"column":16}},"61":{"start":{"line":115,"column":0},"end":{"line":115,"column":24}}},"fnMap":{"0":{"name":"(anonymous_0)","decl":{"start":{"line":5,"column":2},"end":{"line":5,"column":3}},"loc":{"start":{"line":5,"column":40},"end":{"line":13,"column":3}},"line":5},"1":{"name":"(anonymous_1)","decl":{"start":{"line":15,"column":2},"end":{"line":15,"column":3}},"loc":{"start":{"line":15,"column":35},"end":{"line":23,"column":3}},"line":15},"2":{"name":"(anonymous_2)","decl":{"start":{"line":25,"column":2},"end":{"line":25,"column":3}},"loc":{"start":{"line":25,"column":32},"end":{"line":47,"column":3}},"line":25},"3":{"name":"(anonymous_3)","decl":{"start":{"line":49,"column":2},"end":{"line":49,"column":3}},"loc":{"start":{"line":49,"column":60},"end":{"line":62,"column":3}},"line":49},"4":{"name":"(anonymous_4)","decl":{"start":{"line":64,"column":2},"end":{"line":64,"column":3}},"loc":{"start":{"line":64,"column":22},"end":{"line":72,"column":3}},"line":64},"5":{"name":"(anonymous_5)","decl":{"start":{"line":74,"column":2},"end":{"line":74,"column":3}},"loc":{"start":{"line":74,"column":25},"end":{"line":90,"column":3}},"line":74},"6":{"name":"(anonymous_6)","decl":{"start":{"line":78,"column":8},"end":{"line":78,"column":9}},"loc":{"start":{"line":78,"column":15},"end":{"line":78,"column":61}},"line":78},"7":{"name":"(anonymous_7)","decl":{"start":{"line":92,"column":2},"end":{"line":92,"column":3}},"loc":{"start":{"line":92,"column":22},"end":{"line":94,"column":3}},"line":92},"8":{"name":"(anonymous_8)","decl":{"start":{"line":93,"column":29},"end":{"line":93,"column":30}},"loc":{"start":{"line":93,"column":39},"end":{"line":93,"column":53}},"line":93},"9":{"name":"(anonymous_9)","decl":{"start":{"line":96,"column":2},"end":{"line":96,"column":3}},"loc":{"start":{"line":96,"column":29},"end":{"line":101,"column":3}},"line":96},"10":{"name":"(anonymous_10)","decl":{"start":{"line":103,"column":2},"end":{"line":103,"column":3}},"loc":{"start":{"line":103,"column":18},"end":{"line":112,"column":3}},"line":103}},"branchMap":{"0":{"loc":{"start":{"line":5,"column":20},"end":{"line":5,"column":38}},"type":"default-arg","locations":[{"start":{"line":5,"column":33},"end":{"line":5,"column":38}}],"line":5},"1":{"loc":{"start":{"line":27,"column":24},"end":{"line":27,"column":71}},"type":"cond-expr","locations":[{"start":{"line":27,"column":46},"end":{"line":27,"column":58}},{"start":{"line":27,"column":61},"end":{"line":27,"column":71}}],"line":27},"2":{"loc":{"start":{"line":31,"column":6},"end":{"line":37,"column":7}},"type":"if","locations":[{"start":{"line":31,"column":6},"end":{"line":37,"column":7}},{"start":{"line":34,"column":13},"end":{"line":37,"column":7}}],"line":31},"3":{"loc":{"start":{"line":41,"column":18},"end":{"line":41,"column":72}},"type":"cond-expr","locations":[{"start":{"line":41,"column":49},"end":{"line":41,"column":57}},{"start":{"line":41,"column":60},"end":{"line":41,"column":72}}],"line":41},"4":{"loc":{"start":{"line":42,"column":18},"end":{"line":42,"column":72}},"type":"cond-expr","locations":[{"start":{"line":42,"column":49},"end":{"line":42,"column":61}},{"start":{"line":42,"column":64},"end":{"line":42,"column":72}}],"line":42},"5":{"loc":{"start":{"line":51,"column":18},"end":{"line":51,"column":72}},"type":"cond-expr","locations":[{"start":{"line":51,"column":49},"end":{"line":51,"column":57}},{"start":{"line":51,"column":60},"end":{"line":51,"column":72}}],"line":51},"6":{"loc":{"start":{"line":52,"column":18},"end":{"line":52,"column":72}},"type":"cond-expr","locations":[{"start":{"line":52,"column":49},"end":{"line":52,"column":61}},{"start":{"line":52,"column":64},"end":{"line":52,"column":72}}],"line":52},"7":{"loc":{"start":{"line":54,"column":6},"end":{"line":59,"column":7}},"type":"if","locations":[{"start":{"line":54,"column":6},"end":{"line":59,"column":7}},{"start":{},"end":{}}],"line":54},"8":{"loc":{"start":{"line":55,"column":8},"end":{"line":56,"column":44}},"type":"binary-expr","locations":[{"start":{"line":55,"column":8},"end":{"line":55,"column":45}},{"start":{"line":56,"column":8},"end":{"line":56,"column":44}}],"line":55},"9":{"loc":{"start":{"line":66,"column":4},"end":{"line":68,"column":5}},"type":"if","locations":[{"start":{"line":66,"column":4},"end":{"line":68,"column":5}},{"start":{},"end":{}}],"line":66},"10":{"loc":{"start":{"line":81,"column":6},"end":{"line":85,"column":7}},"type":"if","locations":[{"start":{"line":81,"column":6},"end":{"line":85,"column":7}},{"start":{},"end":{}}],"line":81},"11":{"loc":{"start":{"line":98,"column":4},"end":{"line":100,"column":5}},"type":"if","locations":[{"start":{"line":98,"column":4},"end":{"line":100,"column":5}},{"start":{},"end":{}}],"line":98},"12":{"loc":{"start":{"line":104,"column":4},"end":{"line":110,"column":5}},"type":"if","locations":[{"start":{"line":104,"column":4},"end":{"line":110,"column":5}},{"start":{},"end":{}}],"line":104}},"s":{"0":1,"1":1,"2":16,"3":16,"4":16,"5":16,"6":16,"7":16,"8":16,"9":16,"10":16,"11":48,"12":48,"13":48,"14":48,"15":48,"16":48,"17":48,"18":48,"19":52,"20":27,"21":27,"22":25,"23":25,"24":48,"25":48,"26":144,"27":144,"28":144,"29":48,"30":52,"31":52,"32":151,"33":151,"34":151,"35":4,"36":48,"37":8,"38":8,"39":1,"40":7,"41":7,"42":7,"43":7,"44":21,"45":63,"46":21,"47":0,"48":0,"49":0,"50":7,"51":6,"52":16,"53":48,"54":0,"55":0,"56":0,"57":0,"58":0,"59":0,"60":0,"61":1},"f":{"0":16,"1":16,"2":48,"3":52,"4":8,"5":7,"6":63,"7":16,"8":48,"9":0,"10":0},"b":{"0":[8],"1":[25,23],"2":[27,25],"3":[75,69],"4":[75,69],"5":[79,72],"6":[79,72],"7":[4,147],"8":[151,151],"9":[1,7],"10":[0,21],"11":[0,0],"12":[0,0]},"_coverageSchema":"1a1c01bbd47fc00a2c39e90264f33305004495a9","hash":"d747c9fe5d88b820db64b3a699f1df2fd5116c70"}
,"/home/izzatbeksultonov/Desktop/edu-ai-challenge-2025/task_7/src/models/Ship.js": {"path":"/home/izzatbeksultonov/Desktop/edu-ai-challenge-2025/task_7/src/models/Ship.js","statementMap":{"0":{"start":{"line":3,"column":4},"end":{"line":3,"column":25}},"1":{"start":{"line":4,"column":4},"end":{"line":4,"column":24}},"2":{"start":{"line":5,"column":4},"end":{"line":5,"column":26}},"3":{"start":{"line":9,"column":4},"end":{"line":9,"column":31}},"4":{"start":{"line":13,"column":4},"end":{"line":13,"column":28}},"5":{"start":{"line":17,"column":4},"end":{"line":17,"column":35}},"6":{"start":{"line":21,"column":4},"end":{"line":21,"column":42}},"7":{"start":{"line":25,"column":4},"end":{"line":25,"column":26}},"8":{"start":{"line":29,"column":0},"end":{"line":29,"column":22}}},"fnMap":{"0":{"name":"(anonymous_0)","decl":{"start":{"line":2,"column":2},"end":{"line":2,"column":3}},"loc":{"start":{"line":2,"column":22},"end":{"line":6,"column":3}},"line":2},"1":{"name":"(anonymous_1)","decl":{"start":{"line":8,"column":2},"end":{"line":8,"column":3}},"loc":{"start":{"line":8,"column":19},"end":{"line":10,"column":3}},"line":8},"2":{"name":"(anonymous_2)","decl":{"start":{"line":12,"column":2},"end":{"line":12,"column":3}},"loc":{"start":{"line":12,"column":16},"end":{"line":14,"column":3}},"line":12},"3":{"name":"(anonymous_3)","decl":{"start":{"line":16,"column":2},"end":{"line":16,"column":3}},"loc":{"start":{"line":16,"column":18},"end":{"line":18,"column":3}},"line":16},"4":{"name":"(anonymous_4)","decl":{"start":{"line":20,"column":2},"end":{"line":20,"column":3}},"loc":{"start":{"line":20,"column":11},"end":{"line":22,"column":3}},"line":20},"5":{"name":"(anonymous_5)","decl":{"start":{"line":24,"column":2},"end":{"line":24,"column":3}},"loc":{"start":{"line":24,"column":27},"end":{"line":26,"column":3}},"line":24}},"branchMap":{},"s":{"0":54,"1":54,"2":54,"3":51,"4":15,"5":2,"6":50,"7":79,"8":2},"f":{"0":54,"1":51,"2":15,"3":2,"4":50,"5":79},"b":{},"_coverageSchema":"1a1c01bbd47fc00a2c39e90264f33305004495a9","hash":"543ad8405db7fa0a556fa8963d9f5b8ac9c0d898"}
}
