TN:
SF:src/models/Board.js
FN:2,(anonymous_0)
FN:6,(anonymous_1)
FN:9,(anonymous_2)
FN:10,(anonymous_3)
FN:15,(anonymous_4)
FN:19,(anonymous_5)
FN:23,(anonymous_6)
FN:27,(anonymous_7)
FN:31,(anonymous_8)
FN:32,(anonymous_9)
FNF:10
FNH:8
FNDA:22,(anonymous_0)
FNDA:220,(anonymous_1)
FNDA:49,(anonymous_2)
FNDA:147,(anonymous_3)
FNDA:1,(anonymous_4)
FNDA:8,(anonymous_5)
FNDA:157,(anonymous_6)
FNDA:256,(anonymous_7)
FNDA:0,(anonymous_8)
FNDA:0,(anonymous_9)
DA:3,22
DA:4,22
DA:6,220
DA:10,49
DA:11,147
DA:16,1
DA:20,8
DA:24,157
DA:28,256
DA:32,0
DA:36,2
LF:11
LH:10
BRDA:2,0,0,16
BRDA:24,1,0,157
BRDA:24,1,1,156
BRDA:24,1,2,155
BRDA:24,1,3,154
BRF:5
BRH:5
end_of_record
TN:
SF:src/models/Game.js
FN:4,(anonymous_0)
FN:16,(anonymous_1)
FN:21,(anonymous_2)
FN:46,(anonymous_3)
FN:79,(anonymous_4)
FN:101,(anonymous_5)
FN:111,(anonymous_6)
FNF:7
FNH:6
FNDA:8,(anonymous_0)
FNDA:8,(anonymous_1)
FNDA:5,(anonymous_2)
FNDA:3,(anonymous_3)
FNDA:0,(anonymous_4)
FNDA:7,(anonymous_5)
FNDA:1,(anonymous_6)
DA:1,1
DA:5,8
DA:6,8
DA:7,8
DA:9,8
DA:10,8
DA:11,8
DA:12,8
DA:13,8
DA:17,8
DA:18,8
DA:22,5
DA:23,5
DA:24,0
DA:26,5
DA:27,5
DA:29,4
DA:30,3
DA:32,3
DA:33,3
DA:34,3
DA:37,3
DA:47,3
DA:50,3
DA:51,0
DA:52,0
DA:53,0
DA:54,0
DA:56,0
DA:60,3
DA:61,3
DA:62,3
DA:63,3
DA:67,3
DA:69,3
DA:70,0
DA:72,0
DA:79,0
DA:80,0
DA:81,0
DA:86,3
DA:87,3
DA:88,3
DA:91,3
DA:102,7
DA:103,0
DA:104,0
DA:105,7
DA:106,1
DA:107,1
DA:112,1
DA:124,1
LF:52
LH:39
BRDA:4,0,0,0
BRDA:5,1,0,8
BRDA:5,1,1,0
BRDA:6,2,0,8
BRDA:6,2,1,0
BRDA:7,3,0,8
BRDA:7,3,1,0
BRDA:22,4,0,0
BRDA:22,4,1,5
BRDA:23,5,0,0
BRDA:23,5,1,5
BRDA:27,6,0,1
BRDA:27,6,1,4
BRDA:32,7,0,3
BRDA:32,7,1,0
BRDA:47,8,0,0
BRDA:47,8,1,3
BRDA:50,9,0,0
BRDA:50,9,1,3
BRDA:52,10,0,0
BRDA:52,10,1,0
BRDA:60,11,0,3
BRDA:60,11,1,0
BRDA:69,12,0,0
BRDA:69,12,1,3
BRDA:80,13,0,0
BRDA:80,13,1,0
BRDA:87,14,0,3
BRDA:87,14,1,0
BRDA:102,15,0,0
BRDA:102,15,1,7
BRDA:105,16,0,1
BRDA:105,16,1,6
BRF:33
BRH:16
end_of_record
TN:
SF:src/models/Player.js
FN:5,(anonymous_0)
FN:15,(anonymous_1)
FN:25,(anonymous_2)
FN:49,(anonymous_3)
FN:64,(anonymous_4)
FN:74,(anonymous_5)
FN:78,(anonymous_6)
FN:92,(anonymous_7)
FN:93,(anonymous_8)
FN:96,(anonymous_9)
FN:103,(anonymous_10)
FNF:11
FNH:9
FNDA:16,(anonymous_0)
FNDA:16,(anonymous_1)
FNDA:48,(anonymous_2)
FNDA:52,(anonymous_3)
FNDA:8,(anonymous_4)
FNDA:7,(anonymous_5)
FNDA:63,(anonymous_6)
FNDA:16,(anonymous_7)
FNDA:48,(anonymous_8)
FNDA:0,(anonymous_9)
FNDA:0,(anonymous_10)
DA:1,1
DA:2,1
DA:6,16
DA:7,16
DA:8,16
DA:9,16
DA:10,16
DA:11,16
DA:12,16
DA:16,16
DA:17,48
DA:18,48
DA:19,48
DA:20,48
DA:21,48
DA:26,48
DA:27,48
DA:30,48
DA:31,52
DA:32,27
DA:33,27
DA:35,25
DA:36,25
DA:40,48
DA:41,144
DA:42,144
DA:43,144
DA:46,48
DA:50,52
DA:51,151
DA:52,151
DA:54,151
DA:58,4
DA:61,48
DA:65,8
DA:66,8
DA:67,1
DA:70,7
DA:71,7
DA:75,7
DA:76,7
DA:77,21
DA:78,63
DA:81,21
DA:82,0
DA:83,0
DA:84,0
DA:88,7
DA:89,6
DA:93,48
DA:97,0
DA:98,0
DA:99,0
DA:104,0
DA:105,0
DA:106,0
DA:111,0
DA:115,1
LF:58
LH:48
BRDA:5,0,0,8
BRDA:27,1,0,25
BRDA:27,1,1,23
BRDA:31,2,0,27
BRDA:31,2,1,25
BRDA:41,3,0,75
BRDA:41,3,1,69
BRDA:42,4,0,75
BRDA:42,4,1,69
BRDA:51,5,0,79
BRDA:51,5,1,72
BRDA:52,6,0,79
BRDA:52,6,1,72
BRDA:54,7,0,4
BRDA:54,7,1,147
BRDA:55,8,0,151
BRDA:55,8,1,151
BRDA:66,9,0,1
BRDA:66,9,1,7
BRDA:81,10,0,0
BRDA:81,10,1,21
BRDA:98,11,0,0
BRDA:98,11,1,0
BRDA:104,12,0,0
BRDA:104,12,1,0
BRF:25
BRH:20
end_of_record
TN:
SF:src/models/Ship.js
FN:2,(anonymous_0)
FN:8,(anonymous_1)
FN:12,(anonymous_2)
FN:16,(anonymous_3)
FN:20,(anonymous_4)
FN:24,(anonymous_5)
FNF:6
FNH:6
FNDA:54,(anonymous_0)
FNDA:51,(anonymous_1)
FNDA:15,(anonymous_2)
FNDA:2,(anonymous_3)
FNDA:50,(anonymous_4)
FNDA:79,(anonymous_5)
DA:3,54
DA:4,54
DA:5,54
DA:9,51
DA:13,15
DA:17,2
DA:21,50
DA:25,79
DA:29,2
LF:9
LH:9
BRF:0
BRH:0
end_of_record
